<?xml version="1.0" encoding="UTF-8" standalone="no"?>
<fileLog>
<createdFiles>
<entry name=".install4j/jre.bundle/Contents/Home/jre/lib/images/cursors/motif_MoveNoDrop32x32.gif" shared="false" uninstallMode="3"/>
<entry name="19.361-18/lib/netty-transport-native-kqueue-4.1.46.Final-osx-x86_64.jar" shared="false" uninstallMode="0"/>
<entry name="InitializeCollector-NT.bat" shared="false" uninstallMode="0"/>
<entry name="19.361-18/bin/native/lib/libwrapper-linux-390-32.so" shared="false" uninstallMode="0"/>
<entry name=".install4j/jre.bundle/Contents/Home/jre/lib/libjpeg.dylib" shared="false" uninstallMode="3"/>
<entry name="19.361-18/lib/commons-digester-1.8.1.jar" shared="false" uninstallMode="0"/>
<entry name="19.409-3/lib/scala-collection-compat_2.12-2.8.0.jar" shared="false" uninstallMode="0"/>
<entry name="19.361-18/lib/jersey-apache-connector-2.30.1.jar" shared="false" uninstallMode="0"/>
<entry name="tanuki/wrapper-linux-390-32" shared="false" uninstallMode="0"/>
<entry name="19.361-18/lib/netty-resolver-4.1.46.Final.jar" shared="false" uninstallMode="0"/>
<entry name="19.409-3/lib/javax.servlet-api-3.1.0.jar" shared="false" uninstallMode="0"/>
<entry name=".install4j/jre.bundle/Contents/Home/jre/lib/calendars.properties" shared="false" uninstallMode="3"/>
<entry name=".install4j/jre.bundle/Contents/Home/jre/lib/libosx.dylib" shared="false" uninstallMode="3"/>
<entry name="19.409-3/lib/netty-codec-socks-4.1.77.Final.jar" shared="false" uninstallMode="0"/>
<entry name="19.361-18/lib/docker-java-transport-netty-3.2.1.jar" shared="false" uninstallMode="0"/>
<entry name="19.361-18/lib/httpcore-4.4.13.jar" shared="false" uninstallMode="0"/>
<entry name=".install4j/jre.bundle/Contents/Home/jre/lib/libfontmanager.dylib" shared="false" uninstallMode="3"/>
<entry name="19.361-18/lib/collector-interchange-19.361-18.jar" shared="false" uninstallMode="0"/>
<entry name="19.409-3/lib/jackson-jaxrs-json-provider-2.12.7.jar" shared="false" uninstallMode="0"/>
<entry name="19.361-18/lib/netty-handler-4.1.46.Final.jar" shared="false" uninstallMode="0"/>
<entry name="19.409-3/lib/junixsocket-common-2.3.2.jar" shared="false" uninstallMode="0"/>
<entry name="19.361-18/lib/jasypt-1.9.3.jar" shared="false" uninstallMode="0"/>
<entry name=".install4j/jre.bundle/Contents/MacOS/libjli.dylib" shared="false" uninstallMode="3"/>
<entry name="19.409-3/lib/netty-codec-http-4.1.77.Final.jar" shared="false" uninstallMode="0"/>
<entry name="19.361-18/bin/native/lib/libwrapper-linux-390-64.so" shared="false" uninstallMode="0"/>
<entry name="19.409-3/lib/jackson-module-jaxb-annotations-2.12.7.jar" shared="false" uninstallMode="0"/>
<entry name="tanuki/StopTestWrapper-NT.bat" shared="false" uninstallMode="0"/>
<entry name=".install4j/jre.bundle/Contents/Home/jre/bin/java" shared="false" uninstallMode="3"/>
<entry name="tanuki/wrapper-solaris-sparc-64" shared="false" uninstallMode="0"/>
<entry name="19.361-18/bin/native/lib/libwrapper-hpux-ia-32.so" shared="false" uninstallMode="0"/>
<entry name="19.409-3/lib/avrox-19.409-3.jar" shared="false" uninstallMode="0"/>
<entry name="19.409-3/lib/docker-java-core-3.2.1.jar" shared="false" uninstallMode="0"/>
<entry name="tanuki/wrapper-macosx-universal-32" shared="false" uninstallMode="0"/>
<entry name="tanuki/windows/wrapper.exe" shared="false" uninstallMode="0"/>
<entry name="19.409-3/lib/commons-validator-1.6.jar" shared="false" uninstallMode="0"/>
<entry name="powershell/perfmon/scripts/evtloginfo.ps1" shared="false" uninstallMode="0"/>
<entry name="19.361-18/lib/netty-codec-socks-4.1.46.Final.jar" shared="false" uninstallMode="0"/>
<entry name=".install4j/jre.bundle/Contents/Home/jre/bin/rmiregistry" shared="false" uninstallMode="3"/>
<entry name="19.409-3/lib/jackson-dataformat-cbor-2.12.7.jar" shared="false" uninstallMode="0"/>
<entry name="19.409-3/lib/commons-io-2.11.0.jar" shared="false" uninstallMode="0"/>
<entry name="19.409-3/lib/log4j-slf4j18-impl-2.17.1.jar" shared="false" uninstallMode="0"/>
<entry name=".install4j/jre.bundle/Contents/Home/jre/lib/cmm/sRGB.pf" shared="false" uninstallMode="3"/>
<entry name="19.409-3/bin/native/lib/libwrapper-linux-x86-64.so" shared="false" uninstallMode="0"/>
<entry name="19.361-18/lib/scala-arm_2.12-2.1.jar" shared="false" uninstallMode="0"/>
<entry name="19.409-3/bin/native/lib/libsigar-amd64-freebsd-6.so" shared="false" uninstallMode="0"/>
<entry name="19.409-3/lib/aws-java-sdk-s3-1.12.269.jar" shared="false" uninstallMode="0"/>
<entry name="19.409-3/lib/avro-fastserde-0.2.106.jar" shared="false" uninstallMode="0"/>
<entry name=".install4j/jre.bundle/Contents/Home/jre/lib/ext/sunpkcs11.jar" shared="false" uninstallMode="3"/>
<entry name="19.409-3/lib/log4j-web-2.17.1.jar" shared="false" uninstallMode="0"/>
<entry name="19.409-3/lib/commons-configuration2-2.8.0.jar" shared="false" uninstallMode="0"/>
<entry name="19.409-3/optional-lib/bcprov-jdk15on-1.60.jar" shared="false" uninstallMode="0"/>
<entry name="19.361-18/lib/jackson-jaxrs-json-provider-2.12.3.jar" shared="false" uninstallMode="0"/>
<entry name="19.409-3/bin/native/lib/libwrapper-hpux-parisc-32.sl" shared="false" uninstallMode="0"/>
<entry name="19.409-3/lib/jsr305-3.0.2.jar" shared="false" uninstallMode="0"/>
<entry name="Sumo Logic Collector Uninstaller.app/Contents/MacOS/JavaApplicationStub" shared="false" uninstallMode="0"/>
<entry name="./wrapper" shared="false" uninstallMode="0"/>
<entry name="19.409-3/bin/native/lib/wrapper-windows-x86-64.dll" shared="false" uninstallMode="0"/>
<entry name=".install4j/autoUninstall.1" shared="false" uninstallMode="0"/>
<entry name="19.361-18/lib/avrox-19.361-18.jar" shared="false" uninstallMode="0"/>
<entry name="19.409-3/bin/native/lib/libsigar-pa-hpux-11.sl" shared="false" uninstallMode="0"/>
<entry name="19.361-18/bin/native/lib/sigar-x86-winnt.lib" shared="false" uninstallMode="0"/>
<entry name="19.361-18/lib/javassist-3.25.0-GA.jar" shared="false" uninstallMode="0"/>
<entry name=".install4j/jre.bundle/Contents/Home/jre/lib/libosxui.dylib" shared="false" uninstallMode="3"/>
<entry name="19.361-18/lib/jersey-hk2-2.30.1.jar" shared="false" uninstallMode="0"/>
<entry name="19.409-3/lib/docker-java-transport-jersey-3.2.1.jar" shared="false" uninstallMode="0"/>
<entry name="19.361-18/bin/native/lib/libsigar-amd64-solaris.so" shared="false" uninstallMode="0"/>
<entry name=".install4j/response.varfile" shared="false" uninstallMode="0"/>
<entry name="19.409-3/lib/json4s-native-core_2.12-4.0.5.jar" shared="false" uninstallMode="0"/>
<entry name="19.409-3/lib/collector-interchange-19.409-3.jar" shared="false" uninstallMode="0"/>
<entry name="tanuki/wrapper-linux-390-64" shared="false" uninstallMode="0"/>
<entry name="19.409-3/bin/native/lib/libsigar-ia64-linux.so" shared="false" uninstallMode="0"/>
<entry name="19.361-18/lib/aws-java-sdk-core-1.11.1034.jar" shared="false" uninstallMode="0"/>
<entry name="19.409-3/lib/collector-19.409-3.jar" shared="false" uninstallMode="0"/>
<entry name="19.361-18/bin/native/lib/libwrapper-linux-ppcle-64.so" shared="false" uninstallMode="0"/>
<entry name="19.361-18/lib/jcl-over-slf4j-1.7.30.jar" shared="false" uninstallMode="0"/>
<entry name=".install4j/jre.bundle/Contents/Home/jre/lib/libprism_sw.dylib" shared="false" uninstallMode="3"/>
<entry name="19.361-18/lib/aopalliance-repackaged-2.6.1.jar" shared="false" uninstallMode="0"/>
<entry name="19.409-3/bin/native/lib/libsigar-x86-freebsd-6.so" shared="false" uninstallMode="0"/>
<entry name="tanuki/InstallTestWrapper-NT.bat" shared="false" uninstallMode="0"/>
<entry name="19.409-3/bin/native/lib/libsigar-ppc-aix-5.so" shared="false" uninstallMode="0"/>
<entry name=".install4j/jre.bundle/Contents/Home/jre/lib/libnio.dylib" shared="false" uninstallMode="3"/>
<entry name="19.361-18/lib/jackson-module-jaxb-annotations-2.12.3.jar" shared="false" uninstallMode="0"/>
<entry name="19.361-18/lib/wrapper-3.5.33.jar" shared="false" uninstallMode="0"/>
<entry name=".install4j/jre.bundle/Contents/Home/jre/lib/fontconfig.bfc" shared="false" uninstallMode="3"/>
<entry name="19.361-18/bin/native/lib/wrapper-windows-x86-32.dll" shared="false" uninstallMode="0"/>
<entry name="19.361-18/lib/sumologic-log4j2-appender-1.7.jar" shared="false" uninstallMode="0"/>
<entry name=".install4j/jre.bundle/Contents/Home/jre/lib/security/java.policy" shared="false" uninstallMode="3"/>
<entry name="19.361-18/lib/log4j-slf4j18-impl-2.17.0.jar" shared="false" uninstallMode="0"/>
<entry name="19.409-3/bin/native/lib/libsigar-sparc-solaris.so" shared="false" uninstallMode="0"/>
<entry name="19.361-18/lib/commons-codec-1.15.jar" shared="false" uninstallMode="0"/>
<entry name="19.361-18/lib/jackson-jaxrs-base-2.12.3.jar" shared="false" uninstallMode="0"/>
<entry name=".install4j/jre.bundle/Contents/Home/jre/lib/javafx.properties" shared="false" uninstallMode="3"/>
<entry name="tanuki/win64/wrapper-windows-x86-64.dll" shared="false" uninstallMode="0"/>
<entry name=".install4j/inst_jre.cfg" shared="false" uninstallMode="0"/>
<entry name="19.361-18/lib/jakarta.activation-api-1.2.1.jar" shared="false" uninstallMode="0"/>
<entry name="19.361-18/lib/log4j-jul-2.17.0.jar" shared="false" uninstallMode="0"/>
<entry name="19.361-18/lib/metrics4-scala_2.12-4.1.19.jar" shared="false" uninstallMode="0"/>
<entry name="19.361-18/lib/jersey-common-2.30.1.jar" shared="false" uninstallMode="0"/>
<entry name="tanuki/wrapper-macosx-universal-64" shared="false" uninstallMode="0"/>
<entry name="19.361-18/lib/scala-xml_2.12-1.3.0.jar" shared="false" uninstallMode="0"/>
<entry name=".install4j/jre.bundle/Contents/Home/jre/lib/fontconfig.properties.src" shared="false" uninstallMode="3"/>
<entry name="tanuki/wrapper-windows-x86-32.exe" shared="false" uninstallMode="0"/>
<entry name="tanuki/ResumeTestWrapper-NT.bat" shared="false" uninstallMode="0"/>
<entry name="19.409-3/lib/commons-configuration-1.10.jar" shared="false" uninstallMode="0"/>
<entry name="19.409-3/lib/netty-resolver-4.1.77.Final.jar" shared="false" uninstallMode="0"/>
<entry name="19.361-18/bin/native/lib/libsigar-ia64-linux.so" shared="false" uninstallMode="0"/>
<entry name="19.409-3/lib/sumologic-log4j2-appender-1.12.jar" shared="false" uninstallMode="0"/>
<entry name="19.361-18/lib/re2j-1.4.jar" shared="false" uninstallMode="0"/>
<entry name="tanuki/linux32/wrapper" shared="false" uninstallMode="0"/>
<entry name="19.361-18/bin/native/lib/libwrapper-aix-ppc-32.so" shared="false" uninstallMode="0"/>
<entry name="script/preUninstall.sh" shared="false" uninstallMode="0"/>
<entry name="19.361-18/lib/docker-java-3.2.1.jar" shared="false" uninstallMode="0"/>
<entry name="powershell/perfmon/sumo-remote-collector-config.ps1" shared="false" uninstallMode="0"/>
<entry name=".install4j/jre.bundle/Contents/Home/jre/lib/security/policy/unlimited/US_export_policy.jar" shared="false" uninstallMode="3"/>
<entry name=".install4j/jre.bundle/Contents/Home/jre/lib/images/cursors/motif_CopyDrop32x32.gif" shared="false" uninstallMode="3"/>
<entry name="19.361-18/bin/native/lib/wrapper.jar" shared="false" uninstallMode="0"/>
<entry name="19.361-18/bin/native/lib/libsigar-pa-hpux-11.sl" shared="false" uninstallMode="0"/>
<entry name="19.409-3/lib/commons-text-1.9.jar" shared="false" uninstallMode="0"/>
<entry name="tanuki/wrapper-aix-ppc-32" shared="false" uninstallMode="0"/>
<entry name="SumoJNI-64.dll" shared="false" uninstallMode="0"/>
<entry name="19.409-3/lib/sigar-1.6.4.5.jar" shared="false" uninstallMode="0"/>
<entry name=".install4j/jre.bundle/Contents/Home/jre/lib/management/jmxremote.password.template" shared="false" uninstallMode="3"/>
<entry name=".install4j/jre.bundle/Contents/Home/jre/lib/libawt.dylib" shared="false" uninstallMode="3"/>
<entry name=".install4j/jre.bundle/Contents/Home/jre/lib/libsunec.dylib" shared="false" uninstallMode="3"/>
<entry name="tanuki/wrapper-linux-x86-64" shared="false" uninstallMode="0"/>
<entry name="19.409-3/lib/log4j-jcl-2.17.1.jar" shared="false" uninstallMode="0"/>
<entry name=".install4j/jre.bundle/Contents/Home/jre/lib/server/Xusage.txt" shared="false" uninstallMode="3"/>
<entry name=".install4j/i4j_extf_3_1y3k4o6_18gg8kx@2x_dark.png" shared="false" uninstallMode="2"/>
<entry name="19.409-3/lib/reflections-0.9.12.jar" shared="false" uninstallMode="0"/>
<entry name="19.361-18/lib/commons-collections-3.2.2.jar" shared="false" uninstallMode="0"/>
<entry name=".install4j/uninstallPrevious.log" shared="false" uninstallMode="2"/>
<entry name=".install4j/installation.log" shared="false" uninstallMode="0"/>
<entry name=".install4j/jre.bundle/Contents/Home/jre/lib/libjava_crw_demo.dylib" shared="false" uninstallMode="3"/>
<entry name="powershell/events/readme.txt" shared="false" uninstallMode="0"/>
<entry name="19.409-3/lib/oslib-1.0-sumo-4.jar" shared="false" uninstallMode="0"/>
<entry name="19.409-3/optional-lib/bc-fips-1.0.2.1.jar" shared="false" uninstallMode="0"/>
<entry name="19.361-18/lib/ecc-25519-java-1.0.3.jar" shared="false" uninstallMode="0"/>
<entry name=".install4j/i4j_extf_2_1y3k4o6.TXT" shared="false" uninstallMode="2"/>
<entry name="19.409-3/lib/jna-5.11.0.jar" shared="false" uninstallMode="0"/>
<entry name="19.409-3/lib/metrics-core-4.2.10.jar" shared="false" uninstallMode="0"/>
<entry name="tanuki/wrapper-linux-ppcbe-32" shared="false" uninstallMode="0"/>
<entry name="19.409-3/bin/native/lib/libsigar-ppc64-linux.so" shared="false" uninstallMode="0"/>
<entry name=".install4j/jre.bundle/Contents/Home/jre/ASSEMBLY_EXCEPTION" shared="false" uninstallMode="3"/>
<entry name=".install4j/jre.bundle/Contents/Home/jre/lib/jce.jar" shared="false" uninstallMode="3"/>
<entry name="tanuki/TestWrapperCommand.bat" shared="false" uninstallMode="0"/>
<entry name="19.361-18/lib/commons-cli-1.4.jar" shared="false" uninstallMode="0"/>
<entry name=".install4j/i4jparams.conf" shared="false" uninstallMode="2"/>
<entry name="powershell/perfmon/scripts/check-registry-permissions.ps1" shared="false" uninstallMode="0"/>
<entry name="19.409-3/bin/native/lib/libsigar-universal64-macosx.dylib" shared="false" uninstallMode="0"/>
<entry name="tanuki/linux64/wrapper" shared="false" uninstallMode="0"/>
<entry name="19.361-18/lib/archaius-core-0.7.6.SUMO-6.jar" shared="false" uninstallMode="0"/>
<entry name="19.361-18/bin/native/lib/libsigar-ppc64-linux.so" shared="false" uninstallMode="0"/>
<entry name="19.361-18/lib/jersey-client-2.30.1.jar" shared="false" uninstallMode="0"/>
<entry name="19.409-3/lib/jakarta.annotation-api-1.3.5.jar" shared="false" uninstallMode="0"/>
<entry name="19.409-3/bin/native/lib/.sigar_shellrc" shared="false" uninstallMode="0"/>
<entry name="19.409-3/lib/failureaccess-1.0.1.jar" shared="false" uninstallMode="0"/>
<entry name="19.361-18/lib/jackson-dataformat-cbor-2.12.3.jar" shared="false" uninstallMode="0"/>
<entry name="19.361-18/lib/slf4j-api-1.8.0-beta2.jar" shared="false" uninstallMode="0"/>
<entry name=".install4j/jre.bundle/Contents/Home/jre/lib/security/policy/limited/local_policy.jar" shared="false" uninstallMode="3"/>
<entry name=".install4j/jre.bundle/Contents/Home/jre/lib/sound.properties" shared="false" uninstallMode="3"/>
<entry name=".install4j/jre.bundle/Contents/Home/jre/lib/libj2pkcs11.dylib" shared="false" uninstallMode="3"/>
<entry name="19.409-3/bin/native/lib/libwrapper-hpux-parisc-64.sl" shared="false" uninstallMode="0"/>
<entry name="19.361-18/optional-lib/bc-fips-1.0.1.jar" shared="false" uninstallMode="0"/>
<entry name="19.361-18/lib/osgi-resource-locator-1.0.3.jar" shared="false" uninstallMode="0"/>
<entry name="powershell/perfmon/scripts/change-registry-permissions.ps1" shared="false" uninstallMode="0"/>
<entry name=".install4j/jre.bundle/Contents/Home/jre/lib/server/libjsig.dylib" shared="false" uninstallMode="3"/>
<entry name="19.361-18/bin/jvm.options" shared="false" uninstallMode="0"/>
<entry name="19.409-3/lib/jakarta.activation-api-1.2.1.jar" shared="false" uninstallMode="0"/>
<entry name="19.361-18/bin/native/lib/libwrapper-linux-ppcbe-64.so" shared="false" uninstallMode="0"/>
<entry name="19.361-18/lib/jinterop-deps-2.0.8.2.jar" shared="false" uninstallMode="0"/>
<entry name="19.361-18/bin/native/lib/libsigar-amd64-linux.so" shared="false" uninstallMode="0"/>
<entry name=".install4j/jre.bundle/Contents/Home/jre/lib/security/policy/limited/US_export_policy.jar" shared="false" uninstallMode="3"/>
<entry name=".install4j/jre.bundle/Contents/Home/jre/lib/cmm/GRAY.pf" shared="false" uninstallMode="3"/>
<entry name=".install4j/jre.bundle/Contents/Home/jre/lib/security/bcfkscacerts" shared="false" uninstallMode="0"/>
<entry name="19.361-18/lib/json4s-scalap_2.12-3.7.0-M15.jar" shared="false" uninstallMode="0"/>
<entry name="19.361-18/lib/sumologic-http-core-1.1.jar" shared="false" uninstallMode="0"/>
<entry name="tanuki/wrapper-aix-ppc-64" shared="false" uninstallMode="0"/>
<entry name="19.361-18/lib/aws-java-sdk-kms-1.11.1034.jar" shared="false" uninstallMode="0"/>
<entry name="19.361-18/lib/commons-configuration2-2.7.jar" shared="false" uninstallMode="0"/>
<entry name="19.361-18/lib/netty-codec-4.1.46.Final.jar" shared="false" uninstallMode="0"/>
<entry name=".install4j/jre.bundle/Contents/Home/jre/lib/libjavafx_iio.dylib" shared="false" uninstallMode="3"/>
<entry name="19.361-18/lib/json4s-native_2.12-3.7.0-M15.jar" shared="false" uninstallMode="0"/>
<entry name=".install4j/install4j" shared="false" uninstallMode="2"/>
<entry name="19.361-18/bin/native/lib/libwrapper-linux-ppcbe-32.so" shared="false" uninstallMode="0"/>
<entry name="19.361-18/lib/jackson-databind-2.12.3.jar" shared="false" uninstallMode="0"/>
<entry name="19.409-3/bin/native/lib/libwrapper-linux-x86-32.so" shared="false" uninstallMode="0"/>
<entry name="19.409-3/lib/docker-java-transport-netty-3.2.1.jar" shared="false" uninstallMode="0"/>
<entry name="19.361-18/lib/jcifs-1.3.17.jar" shared="false" uninstallMode="0"/>
<entry name="19.361-18/lib/commons-io-2.10.0.jar" shared="false" uninstallMode="0"/>
<entry name="19.361-18/bin/native/lib/libwrapper-hpux-ia-64.so" shared="false" uninstallMode="0"/>
<entry name="19.361-18/lib/json4s-native-core_2.12-3.7.0-M15.jar" shared="false" uninstallMode="0"/>
<entry name=".install4j/jre.bundle/Contents/_CodeSignature/CodeResources" shared="false" uninstallMode="3"/>
<entry name=".install4j/jre.bundle/Contents/Info.plist" shared="false" uninstallMode="3"/>
<entry name="19.361-18/lib/netty-transport-native-unix-common-4.1.46.Final.jar" shared="false" uninstallMode="0"/>
<entry name="19.361-18/lib/collector-util-19.361-18.jar" shared="false" uninstallMode="0"/>
<entry name=".install4j/jre.bundle/Contents/Home/jre/lib/security/java.security" shared="false" uninstallMode="3"/>
<entry name="19.361-18/bin/native/lib/SumoJNI.dll" shared="false" uninstallMode="0"/>
<entry name=".install4j/jre.bundle/Contents/Home/jre/THIRD_PARTY_README" shared="false" uninstallMode="3"/>
<entry name="license/WRAPPER/LICENSE.txt" shared="false" uninstallMode="0"/>
<entry name="19.361-18/lib/simplesocks-1.0.1.jar" shared="false" uninstallMode="0"/>
<entry name="19.361-18/bin/native/lib/libwrapper-solaris-sparc-64.so" shared="false" uninstallMode="0"/>
<entry name="19.361-18/lib/commons-validator-1.6.jar" shared="false" uninstallMode="0"/>
<entry name="19.409-3/lib/syslog4j-0.9.44.jar" shared="false" uninstallMode="0"/>
<entry name="tanuki/StartTestWrapper-NT.bat" shared="false" uninstallMode="0"/>
<entry name="19.409-3/bin/native/lib/sigar-amd64-winnt.dll" shared="false" uninstallMode="0"/>
<entry name=".install4j/user/flatlaf.jar" shared="false" uninstallMode="2"/>
<entry name="19.409-3/bin/native/lib/sigar-x86-winnt.dll" shared="false" uninstallMode="0"/>
<entry name="script/preInstall.sh" shared="false" uninstallMode="0"/>
<entry name=".install4j/jre.bundle/Contents/Home/jre/lib/jvm.hprof.txt" shared="false" uninstallMode="3"/>
<entry name="19.361-18/bin/native/lib/libsigar-sparc-solaris.so" shared="false" uninstallMode="0"/>
<entry name="19.361-18/bin/native/lib/libwrapper-solaris-x86-32.so" shared="false" uninstallMode="0"/>
<entry name="19.409-3/bin/native/lib/libsigar-x86-linux.so" shared="false" uninstallMode="0"/>
<entry name="19.361-18/lib/jsr305-3.0.2.jar" shared="false" uninstallMode="0"/>
<entry name="19.409-3/lib/metrics-jmx-4.2.10.jar" shared="false" uninstallMode="0"/>
<entry name=".install4j/jre.bundle/Contents/Home/jre/lib/ext/meta-index" shared="false" uninstallMode="3"/>
<entry name="19.361-18/lib/avro-1.8.2.jar" shared="false" uninstallMode="0"/>
<entry name="SumoEtw.man" shared="false" uninstallMode="0"/>
<entry name="19.409-3/lib/wrapper-3.5.49.1.jar" shared="false" uninstallMode="0"/>
<entry name="19.361-18/lib/commons-lang-2.6.jar" shared="false" uninstallMode="0"/>
<entry name=".install4j/jre.bundle/Contents/Home/jre/lib/classlist" shared="false" uninstallMode="3"/>
<entry name="19.361-18/bin/native/lib/.sigar_shellrc" shared="false" uninstallMode="0"/>
<entry name="19.361-18/lib/scala-reflect-2.12.14.jar" shared="false" uninstallMode="0"/>
<entry name="19.409-3/lib/jinterop-deps-2.0.8.2.jar" shared="false" uninstallMode="0"/>
<entry name="19.361-18/lib/aws-java-sdk-s3-1.11.1034.jar" shared="false" uninstallMode="0"/>
<entry name=".install4j/jre.bundle/Contents/Home/jre/lib/jfr/default.jfc" shared="false" uninstallMode="3"/>
<entry name="19.409-3/lib/aws-java-sdk-kms-1.12.269.jar" shared="false" uninstallMode="0"/>
<entry name="19.409-3/lib/jersey-apache-connector-2.30.1.jar" shared="false" uninstallMode="0"/>
<entry name="startCollectorService.bat" shared="false" uninstallMode="0"/>
<entry name="19.361-18/lib/jinterop-2.0.8.2.jar" shared="false" uninstallMode="0"/>
<entry name="powershell/perfmon/scripts/hello.ps1" shared="false" uninstallMode="0"/>
<entry name="19.409-3/bin/native/lib/libsigar-x86-solaris.so" shared="false" uninstallMode="0"/>
<entry name="license/LICENSE.TXT" shared="false" uninstallMode="0"/>
<entry name="19.409-3/bin/native/lib/libwrapper-linux-ppcle-64.so" shared="false" uninstallMode="0"/>
<entry name="19.409-3/lib/jasypt-1.9.3.jar" shared="false" uninstallMode="0"/>
<entry name="19.409-3/lib/scala-arm_2.12-2.1.jar" shared="false" uninstallMode="0"/>
<entry name="19.361-18/lib/jakarta.ws.rs-api-2.1.6.jar" shared="false" uninstallMode="0"/>
<entry name="19.361-18/lib/archaius-scala_2.12-0.7.6.SUMO-6.jar" shared="false" uninstallMode="0"/>
<entry name=".install4j/jre.bundle/Contents/Home/jre/lib/security/blacklisted.certs" shared="false" uninstallMode="3"/>
<entry name="19.409-3/lib/jersey-client-2.30.1.jar" shared="false" uninstallMode="0"/>
<entry name="19.409-3/lib/json4s-scalap_2.12-4.0.5.jar" shared="false" uninstallMode="0"/>
<entry name="configback/config/wrapper-license.conf" shared="false" uninstallMode="1"/>
<entry name="19.409-3/bin/native/lib/wrapper.jar" shared="false" uninstallMode="0"/>
<entry name=".install4j/jre.bundle/Contents/Home/jre/lib/ext/sunjce_provider.jar" shared="false" uninstallMode="3"/>
<entry name="19.409-3/lib/codemodel-2.6.jar" shared="false" uninstallMode="0"/>
<entry name="19.361-18/bin/native/lib/SumoJNI-64.dll" shared="false" uninstallMode="0"/>
<entry name="19.409-3/lib/javax.annotation-api-1.3.2.jar" shared="false" uninstallMode="0"/>
<entry name="19.361-18/lib/netty-common-4.1.46.Final.jar" shared="false" uninstallMode="0"/>
<entry name="powershell/perfmon/scripts/start-wmi-service.ps1" shared="false" uninstallMode="0"/>
<entry name=".install4j/jre.bundle/Contents/Home/jre/lib/content-types.properties" shared="false" uninstallMode="3"/>
<entry name="tanuki/README.txt" shared="false" uninstallMode="0"/>
<entry name=".install4j/jre.bundle/Contents/Home/jre/lib/rt.jar" shared="false" uninstallMode="3"/>
<entry name="tanuki/wrapper-linux-ppcle-64" shared="false" uninstallMode="0"/>
<entry name=".install4j/jre.bundle/Contents/Home/jre/lib/images/cursors/motif_LinkDrop32x32.gif" shared="false" uninstallMode="3"/>
<entry name="19.361-18/lib/jackson-core-2.12.3.jar" shared="false" uninstallMode="0"/>
<entry name="19.361-18/bin/native/lib/libsigar-ppc-linux.so" shared="false" uninstallMode="0"/>
<entry name="tanuki/TestWrapper.bat" shared="false" uninstallMode="0"/>
<entry name="tanuki/wrapper-linux-arm-64" shared="false" uninstallMode="0"/>
<entry name="19.409-3/lib/json-20190722.jar" shared="false" uninstallMode="0"/>
<entry name="tanuki/solaris32/wrapper" shared="false" uninstallMode="0"/>
<entry name="19.361-18/bin/native/lib/libwrapper-freebsd-x86-32.so" shared="false" uninstallMode="0"/>
<entry name="tanuki/solaris32/libwrapper.so" shared="false" uninstallMode="0"/>
<entry name=".install4j/jre.bundle/Contents/Home/jre/lib/jspawnhelper" shared="false" uninstallMode="3"/>
<entry name=".install4j/jre.bundle/Contents/Home/jre/lib/images/cursors/motif_MoveDrop32x32.gif" shared="false" uninstallMode="3"/>
<entry name="19.409-3/lib/ecc-25519-java-1.0.3.jar" shared="false" uninstallMode="0"/>
<entry name="19.409-3/lib/httpclient-4.5.13.jar" shared="false" uninstallMode="0"/>
<entry name="19.361-18/lib/reflections-0.9.12.jar" shared="false" uninstallMode="0"/>
<entry name="19.361-18/lib/scala-collection-compat_2.12-2.5.0.jar" shared="false" uninstallMode="0"/>
<entry name="19.409-3/lib/log4j-core-2.17.1.jar" shared="false" uninstallMode="0"/>
<entry name="19.409-3/bin/native/lib/libwrapper-solaris-sparc-64.so" shared="false" uninstallMode="0"/>
<entry name="19.361-18/lib/json4s-jackson-core_2.12-3.7.0-M15.jar" shared="false" uninstallMode="0"/>
<entry name="tanuki/UninstallTestWrapper-NT.bat" shared="false" uninstallMode="0"/>
<entry name="19.409-3/bin/native/lib/libwrapper-linux-armel-32.so" shared="false" uninstallMode="0"/>
<entry name="tanuki/win64/wrapper.exe" shared="false" uninstallMode="0"/>
<entry name="tanuki/wrapper-macosx-arm-64" shared="false" uninstallMode="0"/>
<entry name="19.409-3/bin/native/lib/libsigar-ia64-hpux-11.sl" shared="false" uninstallMode="0"/>
<entry name="19.361-18/lib/json4s-core_2.12-3.7.0-M15.jar" shared="false" uninstallMode="0"/>
<entry name="19.409-3/lib/guava-31.1-jre.jar" shared="false" uninstallMode="0"/>
<entry name=".install4j/user.jar" shared="false" uninstallMode="2"/>
<entry name=".install4j/jre.bundle/Contents/Home/jre/lib/jsse.jar" shared="false" uninstallMode="3"/>
<entry name=".install4j/jre.bundle/Contents/Home/jre/lib/libdecora_sse.dylib" shared="false" uninstallMode="3"/>
<entry name="19.361-18/bin/native/lib/libsigar-universal-macosx.dylib" shared="false" uninstallMode="0"/>
<entry name=".install4j/jre.bundle/Contents/Home/jre/lib/meta-index" shared="false" uninstallMode="3"/>
<entry name=".install4j/jre.bundle/Contents/Home/jre/lib/libAppleScriptEngine.dylib" shared="false" uninstallMode="3"/>
<entry name="19.361-18/bin/native/lib/libsigar-ppc64-aix-5.so" shared="false" uninstallMode="0"/>
<entry name="tanuki/wrapper-freebsd-x86-32" shared="false" uninstallMode="0"/>
<entry name="19.361-18/lib/json4s-jackson_2.12-3.7.0-M15.jar" shared="false" uninstallMode="0"/>
<entry name=".install4j/jre.bundle/Contents/Home/jre/lib/security/cacerts" shared="false" uninstallMode="3"/>
<entry name=".install4j/jre.bundle/Contents/Home/jre/lib/libprism_es2.dylib" shared="false" uninstallMode="3"/>
<entry name="19.361-18/lib/checker-qual-3.8.0.jar" shared="false" uninstallMode="0"/>
<entry name="19.409-3/bin/native/lib/SumoJNI.dll" shared="false" uninstallMode="0"/>
<entry name="19.409-3/bin/native/lib/libwrapper-aix-ppc-64.so" shared="false" uninstallMode="0"/>
<entry name="19.361-18/lib/jackson-annotations-2.12.3.jar" shared="false" uninstallMode="0"/>
<entry name="19.409-3/bin/native/lib/jacob-1.18-x64.dll" shared="false" uninstallMode="0"/>
<entry name="config/wrapper-license.conf" shared="false" uninstallMode="0"/>
<entry name="19.409-3/bin/collector" shared="false" uninstallMode="0"/>
<entry name="19.361-18/lib/collector-19.361-18-resources.jar" shared="false" uninstallMode="0"/>
<entry name="tanuki/windows/wrapper-windows-x86-32.dll" shared="false" uninstallMode="0"/>
<entry name="19.361-18/lib/jakarta.annotation-api-1.3.5.jar" shared="false" uninstallMode="0"/>
<entry name="19.409-3/bin/native/lib/libsigar-ppc64-aix-5.so" shared="false" uninstallMode="0"/>
<entry name="InstallCollector-NT.bat" shared="false" uninstallMode="0"/>
<entry name="19.361-18/lib/hk2-api-2.6.1.jar" shared="false" uninstallMode="0"/>
<entry name=".install4j/jre.bundle/Contents/Home/jre/lib/libjsig.dylib" shared="false" uninstallMode="3"/>
<entry name="19.409-3/lib/paranamer-2.8.jar" shared="false" uninstallMode="0"/>
<entry name="tanuki/linux64/libwrapper.so" shared="false" uninstallMode="0"/>
<entry name="19.409-3/lib/jackson-jaxrs-base-2.12.7.jar" shared="false" uninstallMode="0"/>
<entry name="19.361-18/lib/junixsocket-native-common-2.3.2.jar" shared="false" uninstallMode="0"/>
<entry name=".install4j/jre.bundle/Contents/Home/jre/lib/cmm/CIEXYZ.pf" shared="false" uninstallMode="3"/>
<entry name="19.409-3/lib/jakarta.ws.rs-api-2.1.6.jar" shared="false" uninstallMode="0"/>
<entry name=".install4j/jre.bundle/Contents/Home/jre/lib/ext/zipfs.jar" shared="false" uninstallMode="3"/>
<entry name="19.361-18/lib/syslog4j-0.9.44.jar" shared="false" uninstallMode="0"/>
<entry name="tanuki/DemoApp.bat" shared="false" uninstallMode="0"/>
<entry name="collector" shared="false" uninstallMode="0"/>
<entry name="19.361-18/bin/native/lib/libwrapper-linux-ia-64.so" shared="false" uninstallMode="0"/>
<entry name="19.361-18/lib/hk2-locator-2.6.1.jar" shared="false" uninstallMode="0"/>
<entry name="19.361-18/lib/hk2-utils-2.6.1.jar" shared="false" uninstallMode="0"/>
<entry name="19.409-3/bin/native/lib/libwrapper-macosx-arm-64.dylib" shared="false" uninstallMode="0"/>
<entry name="19.409-3/lib/json4s-jackson_2.12-4.0.5.jar" shared="false" uninstallMode="0"/>
<entry name="19.361-18/lib/mina-statemachine-2.1.4.jar" shared="false" uninstallMode="0"/>
<entry name="19.409-3/lib/quartz-2.3.2.jar" shared="false" uninstallMode="0"/>
<entry name=".install4j/jre.bundle/Contents/Home/jre/lib/libosxapp.dylib" shared="false" uninstallMode="3"/>
<entry name="19.409-3/lib/commons-logging-1.2.jar" shared="false" uninstallMode="0"/>
<entry name=".install4j/jre.bundle/Contents/Home/jre/lib/libnet.dylib" shared="false" uninstallMode="3"/>
<entry name=".install4j/i4jruntime.jar" shared="false" uninstallMode="2"/>
<entry name="19.409-3/lib/aws-java-sdk-core-1.12.269.jar" shared="false" uninstallMode="0"/>
<entry name="19.409-3/lib/scala-reflect-2.12.16.jar" shared="false" uninstallMode="0"/>
<entry name="19.361-18/bin/native/lib/libwrapper-linux-x86-32.so" shared="false" uninstallMode="0"/>
<entry name="19.409-3/lib/netty-transport-classes-kqueue-4.1.77.Final.jar" shared="false" uninstallMode="0"/>
<entry name="19.361-18/lib/jacob-1.18.jar" shared="false" uninstallMode="0"/>
<entry name="19.361-18/lib/oslib-1.0-sumo-4.jar" shared="false" uninstallMode="0"/>
<entry name=".install4j/jre.bundle/Contents/Home/jre/lib/ext/dnsns.jar" shared="false" uninstallMode="3"/>
<entry name="19.361-18/bin/native/lib/libwrapper-linux-x86-64.so" shared="false" uninstallMode="0"/>
<entry name="19.361-18/bin/native/lib/wrapper-windows-ia-64.dll" shared="false" uninstallMode="0"/>
<entry name="19.361-18/lib/jna-3.3.0-platform.jar" shared="false" uninstallMode="0"/>
<entry name=".install4j/jre.bundle/Contents/Home/jre/lib/libhprof.dylib" shared="false" uninstallMode="3"/>
<entry name="config/wrapper.conf" shared="false" uninstallMode="0"/>
<entry name="19.409-3/bin/native/lib/libsigar-ppc-linux.so" shared="false" uninstallMode="0"/>
<entry name="19.409-3/lib/docker-java-3.2.1.jar" shared="false" uninstallMode="0"/>
<entry name="19.361-18/bin/native/lib/libsigar-x86-freebsd-5.so" shared="false" uninstallMode="0"/>
<entry name=".install4j/jre.bundle/Contents/Home/jre/lib/images/cursors/motif_CopyNoDrop32x32.gif" shared="false" uninstallMode="3"/>
<entry name="19.361-18/lib/error_prone_annotations-2.5.1.jar" shared="false" uninstallMode="0"/>
<entry name="tanuki/testwrapper" shared="false" uninstallMode="0"/>
<entry name="19.409-3/lib/eddsa-0.2.0.jar" shared="false" uninstallMode="0"/>
<entry name="tanuki/wrapper-linux-ia-64" shared="false" uninstallMode="0"/>
<entry name=".install4j/jre.bundle/Contents/Home/jre/lib/libverify.dylib" shared="false" uninstallMode="3"/>
<entry name="19.409-3/bin/native/lib/libsigar-amd64-linux.so" shared="false" uninstallMode="0"/>
<entry name="tanuki/wrapper-solaris-x86-64" shared="false" uninstallMode="0"/>
<entry name=".install4j/jre.bundle/Contents/Home/jre/lib/psfont.properties.ja" shared="false" uninstallMode="3"/>
<entry name="19.409-3/lib/jbcrypt-1.0.0.jar" shared="false" uninstallMode="0"/>
<entry name="19.409-3/bin/native/lib/libwrapper-solaris-x86-32.so" shared="false" uninstallMode="0"/>
<entry name="19.409-3/lib/classgraph-4.8.90.jar" shared="false" uninstallMode="0"/>
<entry name="certs/bcfkscacerts" shared="false" uninstallMode="0"/>
<entry name="19.361-18/bin/native/lib/libwrapper-macosx-universal-32.jnilib" shared="false" uninstallMode="0"/>
<entry name="19.361-18/lib/ion-java-1.0.2.jar" shared="false" uninstallMode="0"/>
<entry name=".install4j/jre.bundle/Contents/Home/jre/lib/libglass.dylib" shared="false" uninstallMode="3"/>
<entry name="tanuki/PauseTestWrapper-NT.bat" shared="false" uninstallMode="0"/>
<entry name="tanuki/wrapper-windows-x86-64.exe" shared="false" uninstallMode="0"/>
<entry name="19.361-18/bin/native/lib/jacob-1.18-x64.dll" shared="false" uninstallMode="0"/>
<entry name="19.361-18/lib/commons-text-1.8.jar" shared="false" uninstallMode="0"/>
<entry name="19.409-3/bin/native/lib/wrappertest.jar" shared="false" uninstallMode="0"/>
<entry name="19.361-18/bin/native/lib/sigar-amd64-winnt.dll" shared="false" uninstallMode="0"/>
<entry name=".install4j/jre.bundle/Contents/Home/jre/lib/ext/sunec.jar" shared="false" uninstallMode="3"/>
<entry name="powershell/perfmon/readme.txt" shared="false" uninstallMode="0"/>
<entry name="19.409-3/lib/c3p0-0.9.5.5.jar" shared="false" uninstallMode="0"/>
<entry name="19.409-3/bin/native/lib/libwrapper-linux-390-64.so" shared="false" uninstallMode="0"/>
<entry name="tanuki/macos/wrapper" shared="false" uninstallMode="0"/>
<entry name=".install4j/i4j_extf_3_1y3k4o6_18gg8kx.png" shared="false" uninstallMode="2"/>
<entry name="tanuki/GetHostId.bat" shared="false" uninstallMode="0"/>
<entry name="19.361-18/bin/native/lib/libsigar-x86-linux.so" shared="false" uninstallMode="0"/>
<entry name="tanuki/wrapper-solaris-x86-32" shared="false" uninstallMode="0"/>
<entry name="19.361-18/lib/jackson-core-asl-1.9.13.jar" shared="false" uninstallMode="0"/>
<entry name="19.409-3/bin/native/lib/libwrapper-aix-ppc-32.so" shared="false" uninstallMode="0"/>
<entry name="19.409-3/lib/mchange-commons-java-0.2.15.jar" shared="false" uninstallMode="0"/>
<entry name=".install4j/i4j_extf_5_1y3k4o6_qzwls4.png" shared="false" uninstallMode="2"/>
<entry name=".install4j/jre.bundle/Contents/Home/jre/lib/libfreetype.dylib.6" shared="false" uninstallMode="3"/>
<entry name="19.409-3/lib/json4s-native_2.12-4.0.5.jar" shared="false" uninstallMode="0"/>
<entry name=".install4j/jre.bundle/Contents/Home/jre/lib/security/policy/unlimited/local_policy.jar" shared="false" uninstallMode="3"/>
<entry name="19.361-18/lib/docker-java-transport-jersey-3.2.1.jar" shared="false" uninstallMode="0"/>
<entry name="19.409-3/lib/jaxb-api-2.3.0.jar" shared="false" uninstallMode="0"/>
<entry name="19.361-18/lib/metrics-healthchecks-4.1.19.jar" shared="false" uninstallMode="0"/>
<entry name="19.409-3/lib/log4j-api-2.17.1.jar" shared="false" uninstallMode="0"/>
<entry name=".install4j/jre.bundle/Contents/Home/jre/lib/libjawt.dylib" shared="false" uninstallMode="3"/>
<entry name="19.361-18/optional-lib/bcpkix-jdk15on-1.60.jar" shared="false" uninstallMode="0"/>
<entry name="tanuki/linuxaarch64/libwrapper.so" shared="false" uninstallMode="0"/>
<entry name=".install4j/jre.bundle/Contents/Home/jre/lib/net.properties" shared="false" uninstallMode="3"/>
<entry name="19.409-3/lib/metrics4-scala_2.12-4.2.9.jar" shared="false" uninstallMode="0"/>
<entry name="19.361-18/lib/jakarta.inject-2.6.1.jar" shared="false" uninstallMode="0"/>
<entry name=".install4j/jre.bundle/Contents/Home/jre/lib/psfontj2d.properties" shared="false" uninstallMode="3"/>
<entry name="19.409-3/lib/netty-transport-4.1.77.Final.jar" shared="false" uninstallMode="0"/>
<entry name="script/postInstall.sh" shared="false" uninstallMode="0"/>
<entry name="tanuki/wrapper-freebsd-x86-64" shared="false" uninstallMode="0"/>
<entry name="19.361-18/lib/jaxb-api-2.3.0.jar" shared="false" uninstallMode="0"/>
<entry name=".install4j/jre.bundle/Contents/Home/jre/lib/libjsound.dylib" shared="false" uninstallMode="3"/>
<entry name="19.409-3/lib/hk2-utils-2.6.1.jar" shared="false" uninstallMode="0"/>
<entry name="19.409-3/bin/native/lib/libwrapper-macosx-universal-64.jnilib" shared="false" uninstallMode="0"/>
<entry name="tanuki/SetupTestWrapper.bat" shared="false" uninstallMode="0"/>
<entry name="19.361-18/lib/guava-30.1.1-jre.jar" shared="false" uninstallMode="0"/>
<entry name="19.409-3/lib/httpcore-4.4.13.jar" shared="false" uninstallMode="0"/>
<entry name="config/collector.properties" shared="false" uninstallMode="0"/>
<entry name=".install4j/jre.bundle/Contents/Home/jre/lib/libdt_socket.dylib" shared="false" uninstallMode="3"/>
<entry name=".install4j/jre.bundle/Contents/Home/jre/lib/libattach.dylib" shared="false" uninstallMode="3"/>
<entry name=".install4j/jre.bundle/Contents/Home/jre/lib/libnpt.dylib" shared="false" uninstallMode="3"/>
<entry name=".install4j/i4j_extf_1_1y3k4o6.utf8" shared="false" uninstallMode="2"/>
<entry name="19.409-3/lib/slf4j-api-1.8.0-beta2.jar" shared="false" uninstallMode="0"/>
<entry name="19.361-18/lib/commons-compress-1.20.jar" shared="false" uninstallMode="0"/>
<entry name="Sumo Logic Collector Uninstaller.app/Contents/PkgInfo" shared="false" uninstallMode="0"/>
<entry name="19.361-18/lib/everit-json-schema-1.12.1.jar" shared="false" uninstallMode="0"/>
<entry name="19.409-3/lib/netty-transport-classes-epoll-4.1.77.Final.jar" shared="false" uninstallMode="0"/>
<entry name="19.361-18/bin/native/lib/libsigar-x86-solaris.so" shared="false" uninstallMode="0"/>
<entry name=".install4j/jre.bundle/Contents/Home/jre/lib/cmm/LINEAR_RGB.pf" shared="false" uninstallMode="3"/>
<entry name="19.409-3/lib/jzlib-1.1.3.jar" shared="false" uninstallMode="0"/>
<entry name=".install4j/i4j_extf_4_1y3k4o6_1il3csj.png" shared="false" uninstallMode="2"/>
<entry name="19.361-18/bin/native/lib/libwrapper-freebsd-x86-64.so" shared="false" uninstallMode="0"/>
<entry name=".install4j/jre.bundle/Contents/Home/jre/lib/ext/cldrdata.jar" shared="false" uninstallMode="3"/>
<entry name="19.409-3/lib/jmespath-java-1.12.269.jar" shared="false" uninstallMode="0"/>
<entry name=".install4j/i4j_extf_3_1y3k4o6_18gg8kx@2x.png" shared="false" uninstallMode="2"/>
<entry name="19.409-3/lib/j2objc-annotations-1.3.jar" shared="false" uninstallMode="0"/>
<entry name="config/log4j2.xml" shared="false" uninstallMode="0"/>
<entry name="19.409-3/lib/jcifs-1.3.17.jar" shared="false" uninstallMode="0"/>
<entry name="19.409-3/lib/netty-handler-proxy-4.1.77.Final.jar" shared="false" uninstallMode="0"/>
<entry name=".install4j/jre.bundle/Contents/Home/jre/bin/pack200" shared="false" uninstallMode="3"/>
<entry name="19.409-3/lib/netty-buffer-4.1.77.Final.jar" shared="false" uninstallMode="0"/>
<entry name="19.409-3/bin/native/lib/libwrapper-linux-armhf-32.so" shared="false" uninstallMode="0"/>
<entry name="19.409-3/lib/error_prone_annotations-2.11.0.jar" shared="false" uninstallMode="0"/>
<entry name="19.409-3/lib/json4s-jackson-core_2.12-4.0.5.jar" shared="false" uninstallMode="0"/>
<entry name=".install4j/jre.bundle/Contents/Home/jre/lib/libsplashscreen.dylib" shared="false" uninstallMode="3"/>
<entry name="19.409-3/lib/collector-19.409-3-resources.jar" shared="false" uninstallMode="0"/>
<entry name="logs/collector.out.log" shared="false" uninstallMode="0"/>
<entry name="19.409-3/lib/checker-qual-3.12.0.jar" shared="false" uninstallMode="0"/>
<entry name="19.409-3/lib/jacob-1.18.jar" shared="false" uninstallMode="0"/>
<entry name="19.409-3/bin/native/lib/jacob-1.18-x86.dll" shared="false" uninstallMode="0"/>
<entry name="19.409-3/lib/commons-digester-1.8.1.jar" shared="false" uninstallMode="0"/>
<entry name="19.409-3/lib/commons-lang3-3.12.0.jar" shared="false" uninstallMode="0"/>
<entry name="19.409-3/bin/native/lib/libwrapper-solaris-sparc-32.so" shared="false" uninstallMode="0"/>
<entry name="19.361-18/bin/native/lib/libsigar-amd64-freebsd-6.so" shared="false" uninstallMode="0"/>
<entry name="19.361-18/lib/jackson-mapper-asl-1.9.13.jar" shared="false" uninstallMode="0"/>
<entry name="19.361-18/lib/collector-base-19.361-18.jar" shared="false" uninstallMode="0"/>
<entry name="19.409-3/lib/netty-codec-4.1.77.Final.jar" shared="false" uninstallMode="0"/>
<entry name="19.361-18/lib/docker-java-core-3.2.1.jar" shared="false" uninstallMode="0"/>
<entry name=".install4j/jre.bundle/Contents/Home/jre/lib/libj2gss.dylib" shared="false" uninstallMode="3"/>
<entry name="19.409-3/lib/jinterop-2.0.8.2.jar" shared="false" uninstallMode="0"/>
<entry name="19.409-3/bin/native/lib/libwrapper-hpux-ia-32.so" shared="false" uninstallMode="0"/>
<entry name=".install4j/jre.bundle/Contents/Home/jre/lib/jfxswt.jar" shared="false" uninstallMode="3"/>
<entry name="tanuki/wrapper-linux-armel-32" shared="false" uninstallMode="0"/>
<entry name="19.361-18/lib/httpclient-4.5.13.jar" shared="false" uninstallMode="0"/>
<entry name=".install4j/jre.bundle/Contents/Home/jre/bin/jjs" shared="false" uninstallMode="3"/>
<entry name="19.409-3/lib/compiler-0.9.6.jar" shared="false" uninstallMode="0"/>
<entry name=".install4j/jre.bundle/Contents/Home/jre/lib/libjava.dylib" shared="false" uninstallMode="3"/>
<entry name="19.409-3/lib/netty-transport-native-epoll-4.1.77.Final.jar" shared="false" uninstallMode="0"/>
<entry name="19.409-3/bin/native/lib/libwrapper-freebsd-x86-32.so" shared="false" uninstallMode="0"/>
<entry name="19.361-18/lib/netty-handler-proxy-4.1.46.Final.jar" shared="false" uninstallMode="0"/>
<entry name=".install4j/jre.bundle/Contents/Home/jre/lib/cmm/PYCC.pf" shared="false" uninstallMode="3"/>
<entry name=".install4j/jre.bundle/Contents/Home/jre/lib/libmanagement.dylib" shared="false" uninstallMode="3"/>
<entry name="Sumo Logic Collector Uninstaller.app/Contents/Info.plist" shared="false" uninstallMode="0"/>
<entry name="19.361-18/bin/native/lib/libwrapper-linux-armel-32.so" shared="false" uninstallMode="0"/>
<entry name="19.409-3/lib/joda-convert-2.2.2.jar" shared="false" uninstallMode="0"/>
<entry name="19.361-18/lib/log4j-jcl-2.17.0.jar" shared="false" uninstallMode="0"/>
<entry name="19.409-3/lib/netty-transport-native-kqueue-4.1.77.Final-osx-x86_64.jar" shared="false" uninstallMode="0"/>
<entry name="tanuki/TeardownTestWrapper.bat" shared="false" uninstallMode="0"/>
<entry name="19.361-18/lib/scala-library-2.12.14.jar" shared="false" uninstallMode="0"/>
<entry name=".install4j/jre.bundle/Contents/Home/jre/bin/policytool" shared="false" uninstallMode="3"/>
<entry name="19.409-3/lib/jakarta.inject-2.6.1.jar" shared="false" uninstallMode="0"/>
<entry name=".install4j/jre.bundle/Contents/Home/jre/lib/libosxkrb5.dylib" shared="false" uninstallMode="3"/>
<entry name="19.361-18/bin/native/lib/sigar-x86-winnt.dll" shared="false" uninstallMode="0"/>
<entry name="19.409-3/bin/native/lib/libwrapper-macosx-universal-32.jnilib" shared="false" uninstallMode="0"/>
<entry name=".install4j/jre.bundle/Contents/Home/jre/bin/tnameserv" shared="false" uninstallMode="3"/>
<entry name="license/SIGAR/NOTICE" shared="false" uninstallMode="0"/>
<entry name="tanuki/wrapper-linux-armhf-32" shared="false" uninstallMode="0"/>
<entry name="19.361-18/bin/native/lib/libsigar-x86-freebsd-6.so" shared="false" uninstallMode="0"/>
<entry name="19.409-3/bin/native/lib/sigar.jar" shared="false" uninstallMode="0"/>
<entry name="19.409-3/bin/native/lib/libsigar-amd64-solaris.so" shared="false" uninstallMode="0"/>
<entry name="19.409-3/lib/collector-util-19.409-3.jar" shared="false" uninstallMode="0"/>
<entry name=".install4j/jre.bundle/Contents/Home/jre/lib/ext/jfxrt.jar" shared="false" uninstallMode="3"/>
<entry name="19.361-18/bin/native/lib/libsigar-sparc64-solaris.so" shared="false" uninstallMode="0"/>
<entry name="19.409-3/lib/archaius-scala_2.12-0.7.6.SUMO-6.jar" shared="false" uninstallMode="0"/>
<entry name="19.361-18/lib/eddsa-0.2.0.jar" shared="false" uninstallMode="0"/>
<entry name="19.361-18/lib/handy-uri-templates-2.1.8.jar" shared="false" uninstallMode="0"/>
<entry name="19.361-18/lib/docker-java-api-3.2.1.jar" shared="false" uninstallMode="0"/>
<entry name="19.409-3/lib/jakarta.xml.bind-api-2.3.2.jar" shared="false" uninstallMode="0"/>
<entry name="19.409-3/bin/native/lib/libsigar-universal-macosx.dylib" shared="false" uninstallMode="0"/>
<entry name=".install4j/jre.bundle/Contents/Home/jre/lib/libjsdt.dylib" shared="false" uninstallMode="3"/>
<entry name="19.409-3/lib/jackson-annotations-2.12.7.jar" shared="false" uninstallMode="0"/>
<entry name="19.409-3/lib/netty-transport-native-unix-common-4.1.77.Final.jar" shared="false" uninstallMode="0"/>
<entry name="19.361-18/bin/native/lib/wrapper-windows-x86-64.dll" shared="false" uninstallMode="0"/>
<entry name="19.361-18/lib/avro-ipc-1.8.2.jar" shared="false" uninstallMode="0"/>
<entry name=".install4j/jre.bundle/Contents/Home/jre/lib/management/jmxremote.access" shared="false" uninstallMode="3"/>
<entry name="19.361-18/lib/jzlib-1.1.3.jar" shared="false" uninstallMode="0"/>
<entry name="19.409-3/lib/jna-platform-5.11.0.jar" shared="false" uninstallMode="0"/>
<entry name="19.409-3/lib/ion-java-1.0.2.jar" shared="false" uninstallMode="0"/>
<entry name="19.409-3/lib/mina-statemachine-2.1.5.jar" shared="false" uninstallMode="0"/>
<entry name="19.409-3/lib/json4s-ast_2.12-4.0.5.jar" shared="false" uninstallMode="0"/>
<entry name="19.409-3/lib/log4j-jul-2.17.1.jar" shared="false" uninstallMode="0"/>
<entry name="19.409-3/lib/ant-launcher-1.10.9.jar" shared="false" uninstallMode="0"/>
<entry name="19.361-18/lib/failureaccess-1.0.1.jar" shared="false" uninstallMode="0"/>
<entry name="19.361-18/lib/metrics-core-4.2.3.jar" shared="false" uninstallMode="0"/>
<entry name="19.361-18/lib/log4j-web-2.17.0.jar" shared="false" uninstallMode="0"/>
<entry name=".install4j/i4j_extf_0_1y3k4o6.utf8" shared="false" uninstallMode="2"/>
<entry name="19.361-18/lib/j2objc-annotations-1.3.jar" shared="false" uninstallMode="0"/>
<entry name=".install4j/jre.bundle/Contents/Home/jre/lib/flavormap.properties" shared="false" uninstallMode="3"/>
<entry name="19.361-18/bin/native/lib/libsigar-universal64-macosx.dylib" shared="false" uninstallMode="0"/>
<entry name="19.409-3/bin/jvm.options" shared="false" uninstallMode="0"/>
<entry name=".install4j/jre.bundle/Contents/Home/jre/lib/libmlib_image.dylib" shared="false" uninstallMode="3"/>
<entry name="19.409-3/lib/jersey-common-2.30.1.jar" shared="false" uninstallMode="0"/>
<entry name="19.409-3/bin/native/lib/libwrapper-solaris-x86-64.so" shared="false" uninstallMode="0"/>
<entry name="19.409-3/lib/osgi-resource-locator-1.0.3.jar" shared="false" uninstallMode="0"/>
<entry name=".install4j/launcher64d41994.jar" shared="false" uninstallMode="2"/>
<entry name="19.361-18/lib/mchange-commons-java-0.2.15.jar" shared="false" uninstallMode="0"/>
<entry name="19.409-3/lib/handy-uri-templates-2.1.8.jar" shared="false" uninstallMode="0"/>
<entry name="19.361-18/bin/native/lib/libwrapper-hpux-parisc-64.sl" shared="false" uninstallMode="0"/>
<entry name="19.361-18/bin/native/lib/libwrapper-hpux-parisc-32.sl" shared="false" uninstallMode="0"/>
<entry name="Sumo Logic Collector Uninstaller.app/Contents/Resources/i4jlauncher.config" shared="false" uninstallMode="0"/>
<entry name=".install4j/jre.bundle/Contents/Home/jre/lib/server/libjvm.dylib" shared="false" uninstallMode="3"/>
<entry name="tanuki/wrapper-hpux-parisc-32" shared="false" uninstallMode="0"/>
<entry name="19.361-18/bin/native/lib/libwrapper-solaris-sparc-32.so" shared="false" uninstallMode="0"/>
<entry name="tanuki/wrapper-linux-x86-32" shared="false" uninstallMode="0"/>
<entry name="SumoJNI.dll" shared="false" uninstallMode="0"/>
<entry name="19.409-3/lib/everit-json-schema-1.12.1.jar" shared="false" uninstallMode="0"/>
<entry name=".install4j/jre.bundle/Contents/Home/jre/lib/jvm.cfg" shared="false" uninstallMode="3"/>
<entry name="tanuki/wrapper-hpux-ia-32" shared="false" uninstallMode="0"/>
<entry name="stopCollectorService.bat" shared="false" uninstallMode="0"/>
<entry name="19.361-18/lib/collector-19.361-18.jar" shared="false" uninstallMode="0"/>
<entry name=".install4j/libi4jinst2.dylib" shared="false" uninstallMode="2"/>
<entry name="19.361-18/lib/commons-lang3-3.12.0.jar" shared="false" uninstallMode="0"/>
<entry name="19.361-18/lib/log4j-core-2.17.0.jar" shared="false" uninstallMode="0"/>
<entry name=".install4j/jre.bundle/Contents/Home/jre/lib/ext/localedata.jar" shared="false" uninstallMode="3"/>
<entry name="19.361-18/lib/netty-buffer-4.1.46.Final.jar" shared="false" uninstallMode="0"/>
<entry name=".install4j/jre.bundle/Contents/Home/jre/lib/libjdwp.dylib" shared="false" uninstallMode="3"/>
<entry name="19.409-3/bin/native/lib/libwrapper-linux-390-32.so" shared="false" uninstallMode="0"/>
<entry name=".install4j/stats.properties" shared="false" uninstallMode="2"/>
<entry name="19.361-18/lib/json4s-ext_2.12-3.7.0-M15.jar" shared="false" uninstallMode="0"/>
<entry name="script/unsecureFiles.sh" shared="false" uninstallMode="0"/>
<entry name=".install4j/MessagesDefault" shared="false" uninstallMode="2"/>
<entry name="powershell/perfmon/scripts/check-firewall-settings.ps1" shared="false" uninstallMode="0"/>
<entry name="tanuki/QueryTestWrapper-NT.bat" shared="false" uninstallMode="0"/>
<entry name=".install4j/install.prop" shared="false" uninstallMode="0"/>
<entry name=".install4j/jre.bundle/Contents/Home/jre/bin/unpack200" shared="false" uninstallMode="3"/>
<entry name=".install4j/jre.bundle/Contents/Home/jre/lib/images/cursors/invalid32x32.gif" shared="false" uninstallMode="3"/>
<entry name="19.361-18/lib/json-20190722.jar" shared="false" uninstallMode="0"/>
<entry name="19.361-18/lib/jmespath-java-1.11.1034.jar" shared="false" uninstallMode="0"/>
<entry name="19.409-3/bin/native/lib/libwrapper-linux-arm-64.so" shared="false" uninstallMode="0"/>
<entry name="19.409-3/lib/collector-base-19.409-3.jar" shared="false" uninstallMode="0"/>
<entry name="19.361-18/bin/native/lib/libsigar-ppc-aix-5.so" shared="false" uninstallMode="0"/>
<entry name=".install4j/jre.bundle/Contents/Home/jre/lib/jfr.jar" shared="false" uninstallMode="3"/>
<entry name="19.361-18/lib/joda-time-2.10.10.jar" shared="false" uninstallMode="0"/>
<entry name="19.361-18/lib/joda-convert-2.2.1.jar" shared="false" uninstallMode="0"/>
<entry name="19.409-3/lib/json4s-core_2.12-4.0.5.jar" shared="false" uninstallMode="0"/>
<entry name="19.409-3/lib/netty-common-4.1.77.Final.jar" shared="false" uninstallMode="0"/>
<entry name="19.409-3/lib/xz-1.9.jar" shared="false" uninstallMode="0"/>
<entry name="19.409-3/lib/sshlib-2.2.9.jar" shared="false" uninstallMode="0"/>
<entry name="19.409-3/lib/docker-java-api-3.2.1.jar" shared="false" uninstallMode="0"/>
<entry name="19.361-18/lib/quartz-2.3.2.jar" shared="false" uninstallMode="0"/>
<entry name="19.361-18/optional-lib/bcprov-jdk15on-1.60.jar" shared="false" uninstallMode="0"/>
<entry name="19.409-3/lib/scala-library-2.12.16.jar" shared="false" uninstallMode="0"/>
<entry name="19.409-3/lib/helper-all-0.2.106.jar" shared="false" uninstallMode="0"/>
<entry name="tanuki/linux32/libwrapper.so" shared="false" uninstallMode="0"/>
<entry name=".install4j/jre.bundle/Contents/Home/jre/lib/jfr/profile.jfc" shared="false" uninstallMode="3"/>
<entry name="19.409-3/lib/commons-beanutils-1.9.4.jar" shared="false" uninstallMode="0"/>
<entry name="19.409-3/bin/native/lib/libsigar-sparc64-solaris.so" shared="false" uninstallMode="0"/>
<entry name="19.361-18/bin/native/lib/libsigar-ia64-hpux-11.sl" shared="false" uninstallMode="0"/>
<entry name=".install4j/jre.bundle/Contents/Home/jre/bin/orbd" shared="false" uninstallMode="3"/>
<entry name="19.409-3/lib/jersey-hk2-2.30.1.jar" shared="false" uninstallMode="0"/>
<entry name="19.361-18/lib/metrics-jmx-4.2.3.jar" shared="false" uninstallMode="0"/>
<entry name=".install4j/jre.bundle/Contents/Home/jre/lib/ext/nashorn.jar" shared="false" uninstallMode="3"/>
<entry name=".install4j/jre.bundle/Contents/Home/jre/bin/keytool" shared="false" uninstallMode="3"/>
<entry name="script/secureFiles.sh" shared="false" uninstallMode="0"/>
<entry name="19.409-3/lib/commons-compress-1.21.jar" shared="false" uninstallMode="0"/>
<entry name="19.361-18/lib/xz-1.5.jar" shared="false" uninstallMode="0"/>
<entry name="19.409-3/bin/native/lib/SumoJNI-64.dll" shared="false" uninstallMode="0"/>
<entry name="tanuki/wrapper-linux-ppcbe-64" shared="false" uninstallMode="0"/>
<entry name="19.409-3/lib/commons-lang-2.6.jar" shared="false" uninstallMode="0"/>
<entry name="19.409-3/lib/scala-xml_2.12-2.1.0.jar" shared="false" uninstallMode="0"/>
<entry name="powershell/events/sumo-remote-collector-config.ps1" shared="false" uninstallMode="0"/>
<entry name="tanuki/wrapper-hpux-parisc-64" shared="false" uninstallMode="0"/>
<entry name=".install4j/jre.bundle/Contents/Home/jre/lib/resources.jar" shared="false" uninstallMode="3"/>
<entry name="19.409-3/optional-lib/bcpkix-jdk15on-1.60.jar" shared="false" uninstallMode="0"/>
<entry name=".install4j/jre.bundle/Contents/Home/jre/lib/ext/jaccess.jar" shared="false" uninstallMode="3"/>
<entry name=".install4j/jre.bundle/Contents/Home/jre/lib/logging.properties" shared="false" uninstallMode="3"/>
<entry name="19.409-3/lib/aopalliance-repackaged-2.6.1.jar" shared="false" uninstallMode="0"/>
<entry name=".install4j/jre.bundle/Contents/Home/jre/lib/libj2pcsc.dylib" shared="false" uninstallMode="3"/>
<entry name="script/configureFipsMode.sh" shared="false" uninstallMode="0"/>
<entry name="19.361-18/bin/native/lib/sigar.jar" shared="false" uninstallMode="0"/>
<entry name="script/safeRestart.cmd" shared="false" uninstallMode="0"/>
<entry name="script/unsecureFiles.cmd" shared="false" uninstallMode="0"/>
<entry name="19.361-18/bin/native/lib/libsigar-s390x-linux.so" shared="false" uninstallMode="0"/>
<entry name="tanuki/wrapper-hpux-ia-64" shared="false" uninstallMode="0"/>
<entry name=".install4j/jre.bundle/Contents/Home/jre/lib/tzdb.dat" shared="false" uninstallMode="3"/>
<entry name="Sumo Logic Collector Uninstaller.app/Contents/Resources/app.icns" shared="false" uninstallMode="0"/>
<entry name=".install4j/jre.bundle/Contents/Home/jre/lib/libawt_lwawt.dylib" shared="false" uninstallMode="3"/>
<entry name="19.361-18/bin/native/lib/libwrapper-aix-ppc-64.so" shared="false" uninstallMode="0"/>
<entry name="19.409-3/lib/joda-time-2.11.0.jar" shared="false" uninstallMode="0"/>
<entry name="tanuki/wrapper-windows-ia-64.exe" shared="false" uninstallMode="0"/>
<entry name="19.409-3/lib/zstd-jni-1.5.2-3.jar" shared="false" uninstallMode="0"/>
<entry name="19.409-3/bin/native/lib/libsigar-aarch64-linux.so" shared="false" uninstallMode="0"/>
<entry name=".install4j/jre.bundle/Contents/Home/jre/lib/libsaproc.dylib" shared="false" uninstallMode="3"/>
<entry name="19.409-3/lib/avro-1.11.1.jar" shared="false" uninstallMode="0"/>
<entry name="19.361-18/lib/jbcrypt-1.0.0.jar" shared="false" uninstallMode="0"/>
<entry name="19.409-3/lib/commons-codec-1.15.jar" shared="false" uninstallMode="0"/>
<entry name="19.409-3/lib/commons-collections-3.2.2.jar" shared="false" uninstallMode="0"/>
<entry name="19.409-3/bin/native/lib/libwrapper-hpux-ia-64.so" shared="false" uninstallMode="0"/>
<entry name="19.361-18/bin/native/lib/log4j.jar" shared="false" uninstallMode="0"/>
<entry name=".install4j/jre.bundle/Contents/Home/jre/bin/rmid" shared="false" uninstallMode="3"/>
<entry name="startWinmgmtService.bat" shared="false" uninstallMode="0"/>
<entry name=".install4j/jre.bundle/Contents/Home/jre/lib/libjaas_unix.dylib" shared="false" uninstallMode="3"/>
<entry name="19.361-18/lib/snappy-java-1.1.1.3.jar" shared="false" uninstallMode="0"/>
<entry name="tanuki/wrapper-freebsd-arm-64" shared="false" uninstallMode="0"/>
<entry name="powershell/perfmon/scripts/change-firewall-settings.ps1" shared="false" uninstallMode="0"/>
<entry name="19.361-18/lib/sshlib-2.2.9.jar" shared="false" uninstallMode="0"/>
<entry name=".install4j/jre.bundle/Contents/Home/jre/lib/charsets.jar" shared="false" uninstallMode="3"/>
<entry name=".install4j/jre.bundle/Contents/Home/jre/lib/libprism_common.dylib" shared="false" uninstallMode="3"/>
<entry name="UninstallCollector-NT.bat" shared="false" uninstallMode="0"/>
<entry name="19.409-3/lib/snappy-java-1.1.8.4.jar" shared="false" uninstallMode="0"/>
<entry name="license/SIGAR/LICENSE" shared="false" uninstallMode="0"/>
<entry name="19.409-3/bin/native/lib/wrapper-windows-x86-32.dll" shared="false" uninstallMode="0"/>
<entry name="19.409-3/lib/javassist-3.25.0-GA.jar" shared="false" uninstallMode="0"/>
<entry name=".install4j/jre.bundle/Contents/Home/jre/lib/libunpack.dylib" shared="false" uninstallMode="3"/>
<entry name="script/safeRestart.sh" shared="false" uninstallMode="0"/>
<entry name="19.409-3/lib/junixsocket-native-common-2.3.2.jar" shared="false" uninstallMode="0"/>
<entry name="19.361-18/lib/c3p0-0.9.5.5.jar" shared="false" uninstallMode="0"/>
<entry name=".install4j/jre.bundle/Contents/Home/jre/lib/libinstrument.dylib" shared="false" uninstallMode="3"/>
<entry name="19.361-18/lib/classgraph-4.8.90.jar" shared="false" uninstallMode="0"/>
<entry name="19.409-3/bin/native/lib/libsigar-s390x-linux.so" shared="false" uninstallMode="0"/>
<entry name="19.361-18/bin/collector" shared="false" uninstallMode="0"/>
<entry name=".install4j/jre.bundle/Contents/Home/jre/lib/libjavafx_font.dylib" shared="false" uninstallMode="3"/>
<entry name="19.409-3/bin/native/lib/sigar-x86-winnt.lib" shared="false" uninstallMode="0"/>
<entry name="19.409-3/lib/jackson-core-2.12.7.jar" shared="false" uninstallMode="0"/>
<entry name="19.361-18/lib/junixsocket-common-2.3.2.jar" shared="false" uninstallMode="0"/>
<entry name="19.409-3/lib/metrics-healthchecks-4.2.9.jar" shared="false" uninstallMode="0"/>
<entry name="19.361-18/lib/commons-configuration-1.10.jar" shared="false" uninstallMode="0"/>
<entry name="19.409-3/lib/hk2-api-2.6.1.jar" shared="false" uninstallMode="0"/>
<entry name=".install4j/jre.bundle/Contents/Home/jre/lib/hijrah-config-umalqura.properties" shared="false" uninstallMode="3"/>
<entry name="tanuki/linuxaarch64/wrapper" shared="false" uninstallMode="0"/>
<entry name=".install4j/jre.bundle/Contents/Home/jre/lib/management/management.properties" shared="false" uninstallMode="3"/>
<entry name="19.361-18/bin/native/lib/jacob-1.18-x86.dll" shared="false" uninstallMode="0"/>
<entry name=".install4j/jre.bundle/Contents/Home/jre/lib/liblcms.dylib" shared="false" uninstallMode="3"/>
<entry name="19.409-3/bin/native/lib/libwrapper-freebsd-x86-64.so" shared="false" uninstallMode="0"/>
<entry name="19.361-18/lib/commons-logging-1.2.jar" shared="false" uninstallMode="0"/>
<entry name="19.361-18/lib/jna-3.3.0.jar" shared="false" uninstallMode="0"/>
<entry name="19.361-18/lib/paranamer-2.8.jar" shared="false" uninstallMode="0"/>
<entry name="19.409-3/lib/netty-transport-native-kqueue-4.1.77.Final.jar" shared="false" uninstallMode="0"/>
<entry name="19.409-3/lib/json4s-ext_2.12-4.0.5.jar" shared="false" uninstallMode="0"/>
<entry name="19.361-18/lib/json4s-ast_2.12-3.7.0-M15.jar" shared="false" uninstallMode="0"/>
<entry name="19.409-3/lib/simplesocks-1.0.1.jar" shared="false" uninstallMode="0"/>
<entry name="19.361-18/bin/native/lib/libwrapper-solaris-x86-64.so" shared="false" uninstallMode="0"/>
<entry name="tanuki/wrapper-solaris-sparc-32" shared="false" uninstallMode="0"/>
<entry name="19.361-18/lib/netty-codec-http-4.1.46.Final.jar" shared="false" uninstallMode="0"/>
<entry name="19.409-3/lib/archaius-core-0.7.6.SUMO-6.jar" shared="false" uninstallMode="0"/>
<entry name="powershell/perfmon/scripts/check-wmi-service.ps1" shared="false" uninstallMode="0"/>
<entry name=".install4j/jre.bundle/Contents/Home/jre/lib/management-agent.jar" shared="false" uninstallMode="3"/>
<entry name="19.409-3/lib/hk2-locator-2.6.1.jar" shared="false" uninstallMode="0"/>
<entry name=".install4j/jre.bundle/Contents/Home/jre/lib/images/cursors/cursors.properties" shared="false" uninstallMode="3"/>
<entry name="19.361-18/lib/commons-beanutils-1.9.4.jar" shared="false" uninstallMode="0"/>
<entry name="collector.bat" shared="false" uninstallMode="0"/>
<entry name="19.361-18/lib/sigar-1.6.4.129.jar" shared="false" uninstallMode="0"/>
<entry name="19.361-18/lib/ant-1.9.15.jar" shared="false" uninstallMode="0"/>
<entry name="script/postUninstall.sh" shared="false" uninstallMode="0"/>
<entry name="tanuki/demoapp" shared="false" uninstallMode="0"/>
<entry name=".install4j/libi4jinst.dylib" shared="false" uninstallMode="2"/>
<entry name=".install4j/pref_jre.cfg" shared="false" uninstallMode="0"/>
<entry name=".install4j/i4j_extf_3_1y3k4o6_18gg8kx_dark.png" shared="false" uninstallMode="2"/>
<entry name="19.361-18/bin/native/lib/libwrapper-linux-armhf-32.so" shared="false" uninstallMode="0"/>
<entry name="19.409-3/lib/re2j-1.4.jar" shared="false" uninstallMode="0"/>
<entry name="19.409-3/lib/ant-1.10.9.jar" shared="false" uninstallMode="0"/>
<entry name="19.409-3/lib/jcl-over-slf4j-1.7.30.jar" shared="false" uninstallMode="0"/>
<entry name="powershell/perfmon/scripts/get-sysinfo.ps1" shared="false" uninstallMode="0"/>
<entry name="19.409-3/lib/commons-cli-1.5.0.jar" shared="false" uninstallMode="0"/>
<entry name="19.409-3/lib/sumologic-http-core-2.0.jar" shared="false" uninstallMode="0"/>
<entry name="19.361-18/bin/native/lib/libwrapper-macosx-universal-64.jnilib" shared="false" uninstallMode="0"/>
<entry name="19.361-18/lib/log4j-api-2.17.0.jar" shared="false" uninstallMode="0"/>
<entry name="19.361-18/lib/javax.servlet-api-3.1.0.jar" shared="false" uninstallMode="0"/>
<entry name=".install4j/jre.bundle/Contents/Home/jre/lib/currency.data" shared="false" uninstallMode="3"/>
<entry name=".install4j/jre.bundle/Contents/Home/jre/lib/jli/libjli.dylib" shared="false" uninstallMode="3"/>
<entry name="script/secureFiles.cmd" shared="false" uninstallMode="0"/>
<entry name=".install4j/jre.bundle/Contents/Home/jre/lib/libzip.dylib" shared="false" uninstallMode="3"/>
<entry name=".install4j/jre.bundle/Contents/Home/jre/lib/management/snmp.acl.template" shared="false" uninstallMode="3"/>
<entry name="19.361-18/lib/compiler-0.9.6.jar" shared="false" uninstallMode="0"/>
<entry name="19.409-3/bin/native/lib/libsigar-x86-freebsd-5.so" shared="false" uninstallMode="0"/>
<entry name="license/JACOB/LICENSE.TXT" shared="false" uninstallMode="0"/>
<entry name="19.409-3/bin/native/lib/libwrapper-freebsd-arm-64.so" shared="false" uninstallMode="0"/>
<entry name="19.409-3/lib/netty-handler-4.1.77.Final.jar" shared="false" uninstallMode="0"/>
<entry name="19.409-3/lib/avro-ipc-1.11.1.jar" shared="false" uninstallMode="0"/>
<entry name=".install4j/jre.bundle/Contents/Home/jre/lib/images/cursors/motif_LinkNoDrop32x32.gif" shared="false" uninstallMode="3"/>
<entry name=".install4j/jre.bundle/Contents/Home/jre/LICENSE" shared="false" uninstallMode="3"/>
<entry name="19.409-3/lib/jackson-databind-2.12.7.jar" shared="false" uninstallMode="0"/>
<entry name="19.409-3/bin/native/lib/wrapperdemo.jar" shared="false" uninstallMode="0"/>
<entry name="19.361-18/lib/jakarta.xml.bind-api-2.3.2.jar" shared="false" uninstallMode="0"/>
<entry name=".install4j/jre.bundle/Contents/Home/jre/bin/servertool" shared="false" uninstallMode="3"/>
<entry name=".install4j/uninstall" shared="false" uninstallMode="0"/>
</createdFiles>
<createdDirs>
<entry name="tanuki/windows" shared="false" uninstallMode="0"/>
<entry name="tanuki/win64" shared="false" uninstallMode="0"/>
<entry name="tanuki/solaris32" shared="false" uninstallMode="0"/>
<entry name="tanuki/macos" shared="false" uninstallMode="0"/>
<entry name="tanuki/linuxaarch64" shared="false" uninstallMode="0"/>
<entry name="tanuki/linux64" shared="false" uninstallMode="0"/>
<entry name="tanuki/linux32" shared="false" uninstallMode="0"/>
<entry name="tanuki" shared="false" uninstallMode="0"/>
<entry name="script" shared="false" uninstallMode="0"/>
<entry name="powershell/perfmon/scripts" shared="false" uninstallMode="0"/>
<entry name="powershell/perfmon" shared="false" uninstallMode="0"/>
<entry name="powershell/events" shared="false" uninstallMode="0"/>
<entry name="powershell" shared="false" uninstallMode="0"/>
<entry name="logs" shared="false" uninstallMode="0"/>
<entry name="license/WRAPPER" shared="false" uninstallMode="0"/>
<entry name="license/SIGAR" shared="false" uninstallMode="0"/>
<entry name="license/JACOB" shared="false" uninstallMode="0"/>
<entry name="license" shared="false" uninstallMode="0"/>
<entry name="config" shared="false" uninstallMode="0"/>
<entry name="certs" shared="false" uninstallMode="0"/>
<entry name="Sumo Logic Collector Uninstaller.app/Contents/Resources" shared="false" uninstallMode="0"/>
<entry name="Sumo Logic Collector Uninstaller.app/Contents/MacOS" shared="false" uninstallMode="0"/>
<entry name="Sumo Logic Collector Uninstaller.app/Contents" shared="false" uninstallMode="0"/>
<entry name="Sumo Logic Collector Uninstaller.app" shared="false" uninstallMode="0"/>
<entry name="19.409-3/optional-lib" shared="false" uninstallMode="0"/>
<entry name="19.409-3/lib" shared="false" uninstallMode="0"/>
<entry name="19.409-3/bin/native/lib" shared="false" uninstallMode="0"/>
<entry name="19.409-3/bin/native" shared="false" uninstallMode="0"/>
<entry name="19.409-3/bin" shared="false" uninstallMode="0"/>
<entry name="19.409-3" shared="false" uninstallMode="0"/>
<entry name="19.361-18/optional-lib" shared="false" uninstallMode="0"/>
<entry name="19.361-18/lib" shared="false" uninstallMode="0"/>
<entry name="19.361-18/bin/native/lib" shared="false" uninstallMode="0"/>
<entry name="19.361-18/bin/native" shared="false" uninstallMode="0"/>
<entry name="19.361-18/bin" shared="false" uninstallMode="0"/>
<entry name="19.361-18" shared="false" uninstallMode="0"/>
<entry name=".install4j/user" shared="false" uninstallMode="0"/>
<entry name=".install4j/jre.bundle/Contents/_CodeSignature" shared="false" uninstallMode="3"/>
<entry name=".install4j/jre.bundle/Contents/MacOS" shared="false" uninstallMode="3"/>
<entry name=".install4j/jre.bundle/Contents/Home/jre/lib/server" shared="false" uninstallMode="3"/>
<entry name=".install4j/jre.bundle/Contents/Home/jre/lib/security/policy/unlimited" shared="false" uninstallMode="3"/>
<entry name=".install4j/jre.bundle/Contents/Home/jre/lib/security/policy/limited" shared="false" uninstallMode="3"/>
<entry name=".install4j/jre.bundle/Contents/Home/jre/lib/security/policy" shared="false" uninstallMode="3"/>
<entry name=".install4j/jre.bundle/Contents/Home/jre/lib/security" shared="false" uninstallMode="3"/>
<entry name=".install4j/jre.bundle/Contents/Home/jre/lib/management" shared="false" uninstallMode="3"/>
<entry name=".install4j/jre.bundle/Contents/Home/jre/lib/jli" shared="false" uninstallMode="3"/>
<entry name=".install4j/jre.bundle/Contents/Home/jre/lib/jfr" shared="false" uninstallMode="3"/>
<entry name=".install4j/jre.bundle/Contents/Home/jre/lib/images/cursors" shared="false" uninstallMode="3"/>
<entry name=".install4j/jre.bundle/Contents/Home/jre/lib/images" shared="false" uninstallMode="3"/>
<entry name=".install4j/jre.bundle/Contents/Home/jre/lib/ext" shared="false" uninstallMode="3"/>
<entry name=".install4j/jre.bundle/Contents/Home/jre/lib/cmm" shared="false" uninstallMode="3"/>
<entry name=".install4j/jre.bundle/Contents/Home/jre/lib/applet" shared="false" uninstallMode="3"/>
<entry name=".install4j/jre.bundle/Contents/Home/jre/lib" shared="false" uninstallMode="3"/>
<entry name=".install4j/jre.bundle/Contents/Home/jre/bin" shared="false" uninstallMode="3"/>
<entry name=".install4j/jre.bundle/Contents/Home/jre" shared="false" uninstallMode="3"/>
<entry name=".install4j/jre.bundle/Contents/Home" shared="false" uninstallMode="3"/>
<entry name=".install4j/jre.bundle/Contents" shared="false" uninstallMode="3"/>
<entry name=".install4j/jre.bundle" shared="false" uninstallMode="3"/>
<entry name=".install4j" shared="false" uninstallMode="2"/>
</createdDirs>
</fileLog>
