[INFO] Logger started at 2022-10-13 18:05:31
[INFO] Executable name: /Applications/Sumo Logic Collector/.install4j/Sumo Logic Collector Uninstaller
[INFO] install4j version: 9.0.6 (build 9147)
[INFO] Properties: 
-- listing properties --
java.runtime.name=OpenJDK Runtime Environment
exe4j.moduleName=/Applications/Sumo Logic Collector/.i...
sun.boot.library.path=/Applications/Sumo Logic Collector/.i...
java.vm.version=25.342-b07
gopherProxySet=false
java.vm.vendor=Amazon.com Inc.
java.vendor.url=https://aws.amazon.com/corretto/
path.separator=:
java.vm.name=OpenJDK 64-Bit Server VM
file.encoding.pkg=sun.io
user.country=US
sun.java.launcher=SUN_STANDARD
sun.os.patch.level=unknown
install4j.exeDir=/Applications/Sumo Logic Collector/.i...
java.vm.specification.name=Java Virtual Machine Specification
user.dir=/Applications
java.runtime.version=1.8.0_342-b07
java.awt.graphicsenv=sun.awt.CGraphicsEnvironment
java.endorsed.dirs=/Applications/Sumo Logic Collector/.i...
os.arch=x86_64
java.io.tmpdir=/var/folders/zz/zyxvpxvq6csfxvn_n0000...
line.separator=

java.vm.specification.vendor=Oracle Corporation
os.name=Mac OS X
jdk.http.auth.tunneling.disabledSchemes=
sun.jnu.encoding=UTF-8
java.library.path=/Applications/Sumo Logic Collector/.i...
jdk.lang.Process.allowAmbiguousCommands=false
install4j.launcherId=uninstaller
java.specification.name=Java Platform API Specification
java.class.version=52.0
sun.management.compiler=HotSpot 64-Bit Tiered Compilers
os.version=10.15.4
install4j.swt=false
http.nonProxyHosts=local|*.local|169.254/16|*.169.254/16
user.home=/var/root
user.timezone=GMT
java.awt.printerjob=sun.lwawt.macosx.CPrinterJob
java.specification.version=1.8
file.encoding=US-ASCII
install4j.jvmDir=/Applications/Sumo Logic Collector/.i...
java.net.useSystemProxies=true
user.name=root
java.class.path=/Applications/Sumo Logic Collector/.i...
install4j.dontUninstallServices=false
java.vm.specification.version=1.8
sun.arch.data.model=64
java.home=/Applications/Sumo Logic Collector/.i...
sun.java.command=install4j.Uninstaller4238610342 -q -D...
install4j.upgradeUninstall=true
java.specification.vendor=Oracle Corporation
user.language=en
awt.toolkit=sun.lwawt.macosx.LWCToolkit
java.vm.info=mixed mode
java.version=1.8.0_342
java.ext.dirs=/Applications/Sumo Logic Collector/.i...
sun.boot.class.path=/Applications/Sumo Logic Collector/.i...
java.vendor=Amazon.com Inc.
java.awt.headless=true
install4j.appDir=/Applications/Sumo Logic Collector/
file.separator=/
java.vendor.url.bug=https://github.com/corretto/corretto-...
sun.cpu.endian=little
sun.io.unicode.encoding=UnicodeBig
install4j.alternativeLogfile=/var/folders/zz/zyxvpxvq6csfxvn_n0000...
socksNonProxyHosts=local|*.local|169.254/16|*.169.254/16
ftp.nonProxyHosts=local|*.local|169.254/16|*.169.254/16
sun.cpu.isalist=
[INFO] com.install4j.runtime.beans.actions.misc.RequestPrivilegesAction [ID 1001]: Execute action
       Property linuxPrivilegeRequirement: Require root
       Property allRequested: true
       Property failIfNotObtainedLinux: false
       Property failIfNotObtainedMac: true
       Property failIfNotObtainedWin: true
       Property failIfNotRootUnix: true
       Property obtainIfAdminMac: true
       Property obtainIfAdminWin: true
       Property obtainIfNormalMac: true
       Property obtainIfNormalWin: true
       Property rollbackSupported: false
       Property updateInstallationDirectory: true
       Execute action successful after 2 ms
[INFO] com.install4j.runtime.beans.screens.StartupScreen [ID 14]: command: move 1 screens, executing actions, checking condition
[INFO] com.install4j.runtime.beans.screens.UninstallWelcomeScreen [ID 15]: Show screen
[INFO] com.install4j.runtime.beans.screens.UninstallWelcomeScreen [ID 15]: command: move 1 screens, executing actions, checking condition
[INFO] com.install4j.runtime.beans.screens.UninstallationScreen [ID 16]: Show screen
[INFO] com.install4j.runtime.beans.actions.misc.RunExecutableAction [ID 8011]: Execute action
       Property arguments: [logging of arguments is disabled]
       Property environmentVariables: {}
       Property executable: collector
       Property returnCodeVariable: 
       Property rollbackArguments: null
       Property rollbackExecutable: null
       Property rollbackWorkingDirectory: null
       Property stderrFile: null
       Property stderrRedirectionMode: To log file
       Property stderrVariableName: 
       Property stdinFile: null
       Property stdinRedirectionMode: No redirection
       Property stdinString: 
       Property stdoutFile: null
       Property stdoutRedirectionMode: To log file
       Property stdoutVariableName: 
       Property timeout: 60
       Property workingDirectory: .
       Property failOnStderrFileError: false
       Property failOnStdinFileError: false
       Property failOnStdoutFileError: false
       Property includeParentEnvironmentVariables: true
       Property keepConsoleWindow: false
       Property logArguments: false
       Property rollbackSupported: false
       Property showWindowsConsole: false
       Property updateStderrVariableLines: false
       Property updateStdoutVariableLines: false
       Property useRollbackExecutable: false
       Property wait: true
       Property waitForStreams: true
       used working dir: /Applications/Sumo Logic Collector/.
[INFO] com.install4j.runtime.installer.helper.launching.LaunchHelper: 
stdout output:
---BEGIN---
Stopping SumoLogic Collector...
SumoLogic Collector is not running.
---END---
       stderr output was empty
       return value is 1
[ERROR] com.install4j.runtime.beans.actions.misc.RunExecutableAction [ID 8011]: return value is 1
        Execute action not successful after 520 ms
[INFO] com.install4j.runtime.beans.actions.misc.RunExecutableAction [ID 6161]: Execute action
       Property arguments: [logging of arguments is disabled]
       Property environmentVariables: {}
       Property executable: collector
       Property returnCodeVariable: 
       Property rollbackArguments: null
       Property rollbackExecutable: null
       Property rollbackWorkingDirectory: null
       Property stderrFile: null
       Property stderrRedirectionMode: To log file
       Property stderrVariableName: 
       Property stdinFile: null
       Property stdinRedirectionMode: No redirection
       Property stdinString: 
       Property stdoutFile: null
       Property stdoutRedirectionMode: To log file
       Property stdoutVariableName: 
       Property timeout: 10
       Property workingDirectory: .
       Property failOnStderrFileError: false
       Property failOnStdinFileError: false
       Property failOnStdoutFileError: false
       Property includeParentEnvironmentVariables: true
       Property keepConsoleWindow: false
       Property logArguments: false
       Property rollbackSupported: false
       Property showWindowsConsole: false
       Property updateStderrVariableLines: false
       Property updateStdoutVariableLines: false
       Property useRollbackExecutable: false
       Property wait: true
       Property waitForStreams: true
       used working dir: /Applications/Sumo Logic Collector/.
[INFO] com.install4j.runtime.installer.helper.launching.LaunchHelper: stderr output was empty
       
stdout output:
---BEGIN---
Detected Mac OSX:
Stopping SumoLogic Collector...
SumoLogic Collector was not running.
Removing SumoLogic Collector daemon...
---END---
[INFO] com.install4j.runtime.beans.actions.misc.RunExecutableAction [ID 6161]: Execute action successful after 519 ms
[INFO] com.install4j.runtime.beans.actions.UninstallFilesAction [ID 17]: Execute action
       Property rollbackSupported: true
[INFO] com.install4j.runtime.beans.actions.desktop.RegisterAddRemoveAction: executing auto uninstall
[INFO] com.install4j.runtime.installer.helper.fileinst.FileRemover: postponing deletion of /Applications/Sumo Logic Collector/19.409-3/lib/scala-collection-compat_2.12-2.8.0.jar
       postponing deletion of /Applications/Sumo Logic Collector/19.409-3/lib/javax.servlet-api-3.1.0.jar
       postponing deletion of /Applications/Sumo Logic Collector/19.409-3/lib/netty-codec-socks-4.1.77.Final.jar
       postponing deletion of /Applications/Sumo Logic Collector/19.409-3/lib/jackson-jaxrs-json-provider-2.12.7.jar
       postponing deletion of /Applications/Sumo Logic Collector/19.409-3/lib/junixsocket-common-2.3.2.jar
       postponing deletion of /Applications/Sumo Logic Collector/19.409-3/lib/netty-codec-http-4.1.77.Final.jar
       postponing deletion of /Applications/Sumo Logic Collector/19.409-3/lib/jackson-module-jaxb-annotations-2.12.7.jar
       postponing deletion of /Applications/Sumo Logic Collector/19.409-3/lib/avrox-19.409-3.jar
       postponing deletion of /Applications/Sumo Logic Collector/19.409-3/lib/docker-java-core-3.2.1.jar
       postponing deletion of /Applications/Sumo Logic Collector/19.409-3/lib/commons-validator-1.6.jar
       postponing deletion of /Applications/Sumo Logic Collector/19.409-3/lib/jackson-dataformat-cbor-2.12.7.jar
       postponing deletion of /Applications/Sumo Logic Collector/19.409-3/lib/commons-io-2.11.0.jar
       postponing deletion of /Applications/Sumo Logic Collector/19.409-3/lib/log4j-slf4j18-impl-2.17.1.jar
       postponing deletion of /Applications/Sumo Logic Collector/19.409-3/lib/aws-java-sdk-s3-1.12.269.jar
       postponing deletion of /Applications/Sumo Logic Collector/19.409-3/lib/avro-fastserde-0.2.106.jar
       postponing deletion of /Applications/Sumo Logic Collector/19.409-3/lib/log4j-web-2.17.1.jar
       postponing deletion of /Applications/Sumo Logic Collector/19.409-3/lib/commons-configuration2-2.8.0.jar
       postponing deletion of /Applications/Sumo Logic Collector/19.409-3/lib/jsr305-3.0.2.jar
       postponing deletion of /Applications/Sumo Logic Collector/19.409-3/lib/docker-java-transport-jersey-3.2.1.jar
       postponing deletion of /Applications/Sumo Logic Collector/19.409-3/lib/json4s-native-core_2.12-4.0.5.jar
       postponing deletion of /Applications/Sumo Logic Collector/19.409-3/lib/collector-interchange-19.409-3.jar
       postponing deletion of /Applications/Sumo Logic Collector/19.409-3/lib/collector-19.409-3.jar
       postponing deletion of /Applications/Sumo Logic Collector/19.409-3/lib/commons-configuration-1.10.jar
       postponing deletion of /Applications/Sumo Logic Collector/19.409-3/lib/netty-resolver-4.1.77.Final.jar
       postponing deletion of /Applications/Sumo Logic Collector/19.409-3/lib/sumologic-log4j2-appender-1.12.jar
       postponing deletion of /Applications/Sumo Logic Collector/19.409-3/lib/commons-text-1.9.jar
       postponing deletion of /Applications/Sumo Logic Collector/19.409-3/lib/sigar-1.6.4.5.jar
       postponing deletion of /Applications/Sumo Logic Collector/19.409-3/lib/log4j-jcl-2.17.1.jar
       postponing deletion of /Applications/Sumo Logic Collector/19.409-3/lib/reflections-0.9.12.jar
       postponing deletion of /Applications/Sumo Logic Collector/19.409-3/lib/oslib-1.0-sumo-4.jar
       postponing deletion of /Applications/Sumo Logic Collector/19.409-3/lib/jna-5.11.0.jar
       postponing deletion of /Applications/Sumo Logic Collector/19.409-3/lib/metrics-core-4.2.10.jar
       postponing deletion of /Applications/Sumo Logic Collector/19.409-3/lib/jakarta.annotation-api-1.3.5.jar
       postponing deletion of /Applications/Sumo Logic Collector/19.409-3/lib/failureaccess-1.0.1.jar
       postponing deletion of /Applications/Sumo Logic Collector/19.409-3/lib/jakarta.activation-api-1.2.1.jar
       postponing deletion of /Applications/Sumo Logic Collector/19.409-3/lib/docker-java-transport-netty-3.2.1.jar
       postponing deletion of /Applications/Sumo Logic Collector/19.409-3/lib/syslog4j-0.9.44.jar
       postponing deletion of /Applications/Sumo Logic Collector/.install4j/user/flatlaf.jar
       postponing deletion of /Applications/Sumo Logic Collector/19.409-3/lib/metrics-jmx-4.2.10.jar
       postponing deletion of /Applications/Sumo Logic Collector/19.409-3/lib/wrapper-3.5.49.1.jar
       postponing deletion of /Applications/Sumo Logic Collector/19.409-3/lib/jinterop-deps-2.0.8.2.jar
       postponing deletion of /Applications/Sumo Logic Collector/19.409-3/lib/aws-java-sdk-kms-1.12.269.jar
       postponing deletion of /Applications/Sumo Logic Collector/19.409-3/lib/jersey-apache-connector-2.30.1.jar
       postponing deletion of /Applications/Sumo Logic Collector/19.409-3/lib/jasypt-1.9.3.jar
       postponing deletion of /Applications/Sumo Logic Collector/19.409-3/lib/scala-arm_2.12-2.1.jar
       postponing deletion of /Applications/Sumo Logic Collector/19.409-3/lib/jersey-client-2.30.1.jar
       postponing deletion of /Applications/Sumo Logic Collector/19.409-3/lib/json4s-scalap_2.12-4.0.5.jar
       postponing deletion of /Applications/Sumo Logic Collector/19.409-3/lib/codemodel-2.6.jar
       postponing deletion of /Applications/Sumo Logic Collector/19.409-3/lib/javax.annotation-api-1.3.2.jar
       postponing deletion of /Applications/Sumo Logic Collector/19.409-3/lib/json-20190722.jar
       postponing deletion of /Applications/Sumo Logic Collector/19.409-3/lib/ecc-25519-java-1.0.3.jar
       postponing deletion of /Applications/Sumo Logic Collector/19.409-3/lib/httpclient-4.5.13.jar
       postponing deletion of /Applications/Sumo Logic Collector/19.409-3/lib/log4j-core-2.17.1.jar
       postponing deletion of /Applications/Sumo Logic Collector/19.409-3/lib/guava-31.1-jre.jar
       postponing deletion of /Applications/Sumo Logic Collector/.install4j/user.jar
       postponing deletion of /Applications/Sumo Logic Collector/19.409-3/lib/paranamer-2.8.jar
       postponing deletion of /Applications/Sumo Logic Collector/19.409-3/lib/jackson-jaxrs-base-2.12.7.jar
       postponing deletion of /Applications/Sumo Logic Collector/19.409-3/lib/jakarta.ws.rs-api-2.1.6.jar
       postponing deletion of /Applications/Sumo Logic Collector/19.409-3/lib/json4s-jackson_2.12-4.0.5.jar
       postponing deletion of /Applications/Sumo Logic Collector/19.409-3/lib/quartz-2.3.2.jar
       postponing deletion of /Applications/Sumo Logic Collector/19.409-3/lib/commons-logging-1.2.jar
       postponing deletion of /Applications/Sumo Logic Collector/.install4j/i4jruntime.jar
       postponing deletion of /Applications/Sumo Logic Collector/19.409-3/lib/aws-java-sdk-core-1.12.269.jar
       postponing deletion of /Applications/Sumo Logic Collector/19.409-3/lib/scala-reflect-2.12.16.jar
       postponing deletion of /Applications/Sumo Logic Collector/19.409-3/lib/netty-transport-classes-kqueue-4.1.77.Final.jar
       postponing deletion of /Applications/Sumo Logic Collector/19.409-3/lib/docker-java-3.2.1.jar
       postponing deletion of /Applications/Sumo Logic Collector/19.409-3/lib/eddsa-0.2.0.jar
       postponing deletion of /Applications/Sumo Logic Collector/19.409-3/lib/jbcrypt-1.0.0.jar
       postponing deletion of /Applications/Sumo Logic Collector/19.409-3/lib/classgraph-4.8.90.jar
       postponing deletion of /Applications/Sumo Logic Collector/19.409-3/lib/c3p0-0.9.5.5.jar
       postponing deletion of /Applications/Sumo Logic Collector/19.409-3/lib/mchange-commons-java-0.2.15.jar
       postponing deletion of /Applications/Sumo Logic Collector/19.409-3/lib/json4s-native_2.12-4.0.5.jar
       postponing deletion of /Applications/Sumo Logic Collector/19.409-3/lib/jaxb-api-2.3.0.jar
       postponing deletion of /Applications/Sumo Logic Collector/19.409-3/lib/log4j-api-2.17.1.jar
       postponing deletion of /Applications/Sumo Logic Collector/19.409-3/lib/metrics4-scala_2.12-4.2.9.jar
       postponing deletion of /Applications/Sumo Logic Collector/19.409-3/lib/netty-transport-4.1.77.Final.jar
       postponing deletion of /Applications/Sumo Logic Collector/19.409-3/lib/hk2-utils-2.6.1.jar
       postponing deletion of /Applications/Sumo Logic Collector/19.409-3/lib/httpcore-4.4.13.jar
       postponing deletion of /Applications/Sumo Logic Collector/19.409-3/lib/slf4j-api-1.8.0-beta2.jar
       postponing deletion of /Applications/Sumo Logic Collector/19.409-3/lib/netty-transport-classes-epoll-4.1.77.Final.jar
       postponing deletion of /Applications/Sumo Logic Collector/19.409-3/lib/jzlib-1.1.3.jar
       postponing deletion of /Applications/Sumo Logic Collector/19.409-3/lib/jmespath-java-1.12.269.jar
       postponing deletion of /Applications/Sumo Logic Collector/19.409-3/lib/j2objc-annotations-1.3.jar
       postponing deletion of /Applications/Sumo Logic Collector/19.409-3/lib/jcifs-1.3.17.jar
       postponing deletion of /Applications/Sumo Logic Collector/19.409-3/lib/netty-handler-proxy-4.1.77.Final.jar
       postponing deletion of /Applications/Sumo Logic Collector/19.409-3/lib/netty-buffer-4.1.77.Final.jar
       postponing deletion of /Applications/Sumo Logic Collector/19.409-3/lib/error_prone_annotations-2.11.0.jar
       postponing deletion of /Applications/Sumo Logic Collector/19.409-3/lib/json4s-jackson-core_2.12-4.0.5.jar
       postponing deletion of /Applications/Sumo Logic Collector/19.409-3/lib/collector-19.409-3-resources.jar
       postponing deletion of /Applications/Sumo Logic Collector/19.409-3/lib/checker-qual-3.12.0.jar
       postponing deletion of /Applications/Sumo Logic Collector/19.409-3/lib/jacob-1.18.jar
       postponing deletion of /Applications/Sumo Logic Collector/19.409-3/lib/commons-digester-1.8.1.jar
       postponing deletion of /Applications/Sumo Logic Collector/19.409-3/lib/commons-lang3-3.12.0.jar
       postponing deletion of /Applications/Sumo Logic Collector/19.409-3/lib/netty-codec-4.1.77.Final.jar
       postponing deletion of /Applications/Sumo Logic Collector/19.409-3/lib/jinterop-2.0.8.2.jar
       postponing deletion of /Applications/Sumo Logic Collector/19.409-3/lib/compiler-0.9.6.jar
       postponing deletion of /Applications/Sumo Logic Collector/19.409-3/lib/netty-transport-native-epoll-4.1.77.Final.jar
       postponing deletion of /Applications/Sumo Logic Collector/19.409-3/lib/joda-convert-2.2.2.jar
       postponing deletion of /Applications/Sumo Logic Collector/19.409-3/lib/netty-transport-native-kqueue-4.1.77.Final-osx-x86_64.jar
       postponing deletion of /Applications/Sumo Logic Collector/19.409-3/lib/jakarta.inject-2.6.1.jar
       postponing deletion of /Applications/Sumo Logic Collector/19.409-3/lib/collector-util-19.409-3.jar
       postponing deletion of /Applications/Sumo Logic Collector/19.409-3/lib/archaius-scala_2.12-0.7.6.SUMO-6.jar
       postponing deletion of /Applications/Sumo Logic Collector/19.409-3/lib/jakarta.xml.bind-api-2.3.2.jar
       postponing deletion of /Applications/Sumo Logic Collector/19.409-3/lib/jackson-annotations-2.12.7.jar
       postponing deletion of /Applications/Sumo Logic Collector/19.409-3/lib/netty-transport-native-unix-common-4.1.77.Final.jar
       postponing deletion of /Applications/Sumo Logic Collector/19.409-3/lib/jna-platform-5.11.0.jar
       postponing deletion of /Applications/Sumo Logic Collector/19.409-3/lib/ion-java-1.0.2.jar
       postponing deletion of /Applications/Sumo Logic Collector/19.409-3/lib/mina-statemachine-2.1.5.jar
       postponing deletion of /Applications/Sumo Logic Collector/19.409-3/lib/json4s-ast_2.12-4.0.5.jar
       postponing deletion of /Applications/Sumo Logic Collector/19.409-3/lib/log4j-jul-2.17.1.jar
       postponing deletion of /Applications/Sumo Logic Collector/19.409-3/lib/ant-launcher-1.10.9.jar
       postponing deletion of /Applications/Sumo Logic Collector/19.409-3/lib/jersey-common-2.30.1.jar
       postponing deletion of /Applications/Sumo Logic Collector/19.409-3/lib/osgi-resource-locator-1.0.3.jar
       postponing deletion of /Applications/Sumo Logic Collector/.install4j/launcher64d41994.jar
       postponing deletion of /Applications/Sumo Logic Collector/19.409-3/lib/handy-uri-templates-2.1.8.jar
       postponing deletion of /Applications/Sumo Logic Collector/19.409-3/lib/everit-json-schema-1.12.1.jar
       postponing deletion of /Applications/Sumo Logic Collector/19.409-3/lib/collector-base-19.409-3.jar
       postponing deletion of /Applications/Sumo Logic Collector/19.409-3/lib/json4s-core_2.12-4.0.5.jar
       postponing deletion of /Applications/Sumo Logic Collector/19.409-3/lib/netty-common-4.1.77.Final.jar
       postponing deletion of /Applications/Sumo Logic Collector/19.409-3/lib/xz-1.9.jar
       postponing deletion of /Applications/Sumo Logic Collector/19.409-3/lib/sshlib-2.2.9.jar
       postponing deletion of /Applications/Sumo Logic Collector/19.409-3/lib/docker-java-api-3.2.1.jar
       postponing deletion of /Applications/Sumo Logic Collector/19.409-3/lib/scala-library-2.12.16.jar
       postponing deletion of /Applications/Sumo Logic Collector/19.409-3/lib/helper-all-0.2.106.jar
       postponing deletion of /Applications/Sumo Logic Collector/19.409-3/lib/commons-beanutils-1.9.4.jar
       postponing deletion of /Applications/Sumo Logic Collector/19.409-3/lib/jersey-hk2-2.30.1.jar
       postponing deletion of /Applications/Sumo Logic Collector/19.409-3/lib/commons-compress-1.21.jar
       postponing deletion of /Applications/Sumo Logic Collector/19.409-3/lib/commons-lang-2.6.jar
       postponing deletion of /Applications/Sumo Logic Collector/19.409-3/lib/scala-xml_2.12-2.1.0.jar
       postponing deletion of /Applications/Sumo Logic Collector/19.409-3/lib/aopalliance-repackaged-2.6.1.jar
       postponing deletion of /Applications/Sumo Logic Collector/19.409-3/lib/joda-time-2.11.0.jar
       postponing deletion of /Applications/Sumo Logic Collector/19.409-3/lib/zstd-jni-1.5.2-3.jar
       postponing deletion of /Applications/Sumo Logic Collector/19.409-3/lib/avro-1.11.1.jar
       postponing deletion of /Applications/Sumo Logic Collector/19.409-3/lib/commons-codec-1.15.jar
       postponing deletion of /Applications/Sumo Logic Collector/19.409-3/lib/commons-collections-3.2.2.jar
       postponing deletion of /Applications/Sumo Logic Collector/19.409-3/lib/snappy-java-1.1.8.4.jar
       postponing deletion of /Applications/Sumo Logic Collector/19.409-3/lib/javassist-3.25.0-GA.jar
       postponing deletion of /Applications/Sumo Logic Collector/19.409-3/lib/junixsocket-native-common-2.3.2.jar
       postponing deletion of /Applications/Sumo Logic Collector/19.409-3/lib/jackson-core-2.12.7.jar
       postponing deletion of /Applications/Sumo Logic Collector/19.409-3/lib/metrics-healthchecks-4.2.9.jar
       postponing deletion of /Applications/Sumo Logic Collector/19.409-3/lib/hk2-api-2.6.1.jar
       postponing deletion of /Applications/Sumo Logic Collector/19.409-3/lib/netty-transport-native-kqueue-4.1.77.Final.jar
       postponing deletion of /Applications/Sumo Logic Collector/19.409-3/lib/json4s-ext_2.12-4.0.5.jar
       postponing deletion of /Applications/Sumo Logic Collector/19.409-3/lib/simplesocks-1.0.1.jar
       postponing deletion of /Applications/Sumo Logic Collector/19.409-3/lib/archaius-core-0.7.6.SUMO-6.jar
       postponing deletion of /Applications/Sumo Logic Collector/19.409-3/lib/hk2-locator-2.6.1.jar
       postponing deletion of /Applications/Sumo Logic Collector/19.409-3/lib/re2j-1.4.jar
       postponing deletion of /Applications/Sumo Logic Collector/19.409-3/lib/ant-1.10.9.jar
       postponing deletion of /Applications/Sumo Logic Collector/19.409-3/lib/jcl-over-slf4j-1.7.30.jar
       postponing deletion of /Applications/Sumo Logic Collector/19.409-3/lib/commons-cli-1.5.0.jar
       postponing deletion of /Applications/Sumo Logic Collector/19.409-3/lib/sumologic-http-core-2.0.jar
       postponing deletion of /Applications/Sumo Logic Collector/19.409-3/lib/netty-handler-4.1.77.Final.jar
       postponing deletion of /Applications/Sumo Logic Collector/19.409-3/lib/avro-ipc-1.11.1.jar
       postponing deletion of /Applications/Sumo Logic Collector/19.409-3/lib/jackson-databind-2.12.7.jar
[INFO] com.install4j.runtime.beans.actions.UninstallFilesAction [ID 17]: Execute action successful after 1138 ms
[INFO] com.install4j.runtime.beans.actions.control.RunScriptAction [ID 9651]: Execute action
       Property rollbackScript: null
       Property script: com.install4j.script.I4jScript_Internal_102
       Property rollbackSupported: false
[INFO] com.install4j.script.I4jScript_Internal_102: skipping delete of/Applications/Sumo Logic Collector/.install4j
[INFO] com.install4j.runtime.beans.actions.control.RunScriptAction [ID 9651]: Execute action successful after 37 ms
[INFO] com.install4j.runtime.beans.screens.UninstallationScreen [ID 16]: command: move 1 screens, executing actions, checking condition
[INFO] com.install4j.runtime.beans.screens.UninstallFailureScreen [ID 18]: Show screen
[INFO] com.install4j.runtime.beans.screens.UninstallFailureScreen [ID 18]: command: move 1 screens, executing actions, checking condition
[INFO] com.install4j.runtime.beans.screens.UninstallSuccessScreen [ID 19]: Show screen
[INFO] com.install4j.runtime.beans.screens.UninstallSuccessScreen [ID 19]: command: finish
       cleaning up
       Finished at 2022-10-13 18:05:35
